2026-05-11 16:17:12,484 - __main__ - INFO - 🚀 Iniciando PRIMEDOX BOT...
2026-05-11 16:17:14,680 - httpx - INFO - HTTP Request: POST https://api.telegram.org/bot8545495529:AAHGenwTFQJmNbq_9OJuI89OSmBVrUSlBRk/getMe "HTTP/1.1 200 OK"
2026-05-11 16:17:14,682 - __main__ - INFO - ==================================================
2026-05-11 16:17:14,683 - __main__ - INFO - PRIMEDOX BOT - Inicializando...
2026-05-11 16:17:14,683 - __main__ - INFO - ==================================================
2026-05-11 16:17:14,915 - services.api_client - INFO - API Health: {'status': 'ok', 'service': 'primedox-api', 'timestamp': '2026-05-11T23:17:14.876097'}
2026-05-11 16:17:14,917 - __main__ - INFO - ✅ API de PRIMEDOX: CONECTADA
2026-05-11 16:17:15,449 - __main__ - INFO - 📋 Comandos disponibles en API: 83
2026-05-11 16:17:15,468 - services.database - INFO - Base de datos inicializada correctamente.
2026-05-11 16:17:15,473 - __main__ - INFO - 👥 Usuarios registrados: 0
2026-05-11 16:17:15,474 - __main__ - INFO - ✅ Bot listo para recibir peticiones
2026-05-11 16:17:15,648 - httpx - INFO - HTTP Request: POST https://api.telegram.org/bot8545495529:AAHGenwTFQJmNbq_9OJuI89OSmBVrUSlBRk/deleteWebhook "HTTP/1.1 200 OK"
2026-05-11 16:17:15,650 - telegram.ext.Application - INFO - Application started
2026-05-11 16:17:26,170 - httpx - INFO - HTTP Request: POST https://api.telegram.org/bot8545495529:AAHGenwTFQJmNbq_9OJuI89OSmBVrUSlBRk/getUpdates "HTTP/1.1 200 OK"
2026-05-11 16:17:36,346 - httpx - INFO - HTTP Request: POST https://api.telegram.org/bot8545495529:AAHGenwTFQJmNbq_9OJuI89OSmBVrUSlBRk/getUpdates "HTTP/1.1 200 OK"
2026-05-11 16:17:44,356 - httpx - INFO - HTTP Request: POST https://api.telegram.org/bot8545495529:AAHGenwTFQJmNbq_9OJuI89OSmBVrUSlBRk/getUpdates "HTTP/1.1 200 OK"
2026-05-11 16:17:44,365 - services.database - INFO - Usuario 1591755250 creado con plan FREE y 0 créditos.
2026-05-11 16:17:44,385 - handlers.start - INFO - Nuevo usuario registrado: 1591755250 - @None
2026-05-11 16:17:45,045 - httpx - INFO - HTTP Request: POST https://api.telegram.org/bot8545495529:AAHGenwTFQJmNbq_9OJuI89OSmBVrUSlBRk/sendMessage "HTTP/1.1 200 OK"
2026-05-11 16:17:46,785 - httpx - INFO - HTTP Request: POST https://api.telegram.org/bot8545495529:AAHGenwTFQJmNbq_9OJuI89OSmBVrUSlBRk/getUpdates "HTTP/1.1 200 OK"
2026-05-11 16:17:47,097 - httpx - INFO - HTTP Request: POST https://api.telegram.org/bot8545495529:AAHGenwTFQJmNbq_9OJuI89OSmBVrUSlBRk/answerCallbackQuery "HTTP/1.1 200 OK"
2026-05-11 16:17:47,407 - httpx - INFO - HTTP Request: POST https://api.telegram.org/bot8545495529:AAHGenwTFQJmNbq_9OJuI89OSmBVrUSlBRk/editMessageText "HTTP/1.1 200 OK"
2026-05-11 16:17:56,960 - httpx - INFO - HTTP Request: POST https://api.telegram.org/bot8545495529:AAHGenwTFQJmNbq_9OJuI89OSmBVrUSlBRk/getUpdates "HTTP/1.1 200 OK"
2026-05-11 16:18:02,335 - httpx - INFO - HTTP Request: POST https://api.telegram.org/bot8545495529:AAHGenwTFQJmNbq_9OJuI89OSmBVrUSlBRk/getUpdates "HTTP/1.1 200 OK"
2026-05-11 16:18:03,039 - httpx - INFO - HTTP Request: POST https://api.telegram.org/bot8545495529:AAHGenwTFQJmNbq_9OJuI89OSmBVrUSlBRk/sendMessage "HTTP/1.1 200 OK"
2026-05-11 16:18:12,555 - httpx - INFO - HTTP Request: POST https://api.telegram.org/bot8545495529:AAHGenwTFQJmNbq_9OJuI89OSmBVrUSlBRk/getUpdates "HTTP/1.1 200 OK"
2026-05-11 16:18:22,732 - httpx - INFO - HTTP Request: POST https://api.telegram.org/bot8545495529:AAHGenwTFQJmNbq_9OJuI89OSmBVrUSlBRk/getUpdates "HTTP/1.1 200 OK"
2026-05-11 16:18:32,908 - httpx - INFO - HTTP Request: POST https://api.telegram.org/bot8545495529:AAHGenwTFQJmNbq_9OJuI89OSmBVrUSlBRk/getUpdates "HTTP/1.1 200 OK"
2026-05-11 16:18:43,081 - httpx - INFO - HTTP Request: POST https://api.telegram.org/bot8545495529:AAHGenwTFQJmNbq_9OJuI89OSmBVrUSlBRk/getUpdates "HTTP/1.1 200 OK"
2026-05-11 16:18:53,256 - httpx - INFO - HTTP Request: POST https://api.telegram.org/bot8545495529:AAHGenwTFQJmNbq_9OJuI89OSmBVrUSlBRk/getUpdates "HTTP/1.1 200 OK"
2026-05-11 16:19:03,429 - httpx - INFO - HTTP Request: POST https://api.telegram.org/bot8545495529:AAHGenwTFQJmNbq_9OJuI89OSmBVrUSlBRk/getUpdates "HTTP/1.1 200 OK"
2026-05-11 16:19:13,601 - httpx - INFO - HTTP Request: POST https://api.telegram.org/bot8545495529:AAHGenwTFQJmNbq_9OJuI89OSmBVrUSlBRk/getUpdates "HTTP/1.1 200 OK"
2026-05-11 16:19:23,776 - httpx - INFO - HTTP Request: POST https://api.telegram.org/bot8545495529:AAHGenwTFQJmNbq_9OJuI89OSmBVrUSlBRk/getUpdates "HTTP/1.1 200 OK"
2026-05-11 16:19:33,951 - httpx - INFO - HTTP Request: POST https://api.telegram.org/bot8545495529:AAHGenwTFQJmNbq_9OJuI89OSmBVrUSlBRk/getUpdates "HTTP/1.1 200 OK"
2026-05-11 16:19:44,123 - httpx - INFO - HTTP Request: POST https://api.telegram.org/bot8545495529:AAHGenwTFQJmNbq_9OJuI89OSmBVrUSlBRk/getUpdates "HTTP/1.1 200 OK"
2026-05-11 16:19:54,297 - httpx - INFO - HTTP Request: POST https://api.telegram.org/bot8545495529:AAHGenwTFQJmNbq_9OJuI89OSmBVrUSlBRk/getUpdates "HTTP/1.1 200 OK"
2026-05-11 16:20:04,470 - httpx - INFO - HTTP Request: POST https://api.telegram.org/bot8545495529:AAHGenwTFQJmNbq_9OJuI89OSmBVrUSlBRk/getUpdates "HTTP/1.1 200 OK"
2026-05-11 16:20:14,618 - httpx - INFO - HTTP Request: POST https://api.telegram.org/bot8545495529:AAHGenwTFQJmNbq_9OJuI89OSmBVrUSlBRk/getUpdates "HTTP/1.1 200 OK"
2026-05-11 16:20:15,387 - httpx - INFO - HTTP Request: POST https://api.telegram.org/bot8545495529:AAHGenwTFQJmNbq_9OJuI89OSmBVrUSlBRk/sendMessage "HTTP/1.1 200 OK"
2026-05-11 16:20:23,252 - httpx - INFO - HTTP Request: POST https://api.telegram.org/bot8545495529:AAHGenwTFQJmNbq_9OJuI89OSmBVrUSlBRk/deleteMessage "HTTP/1.1 200 OK"
2026-05-11 16:20:23,577 - httpx - INFO - HTTP Request: POST https://api.telegram.org/bot8545495529:AAHGenwTFQJmNbq_9OJuI89OSmBVrUSlBRk/sendMessage "HTTP/1.1 200 OK"
2026-05-11 16:20:24,195 - httpx - INFO - HTTP Request: POST https://api.telegram.org/bot8545495529:AAHGenwTFQJmNbq_9OJuI89OSmBVrUSlBRk/sendPhoto "HTTP/1.1 200 OK"
2026-05-11 16:20:24,195 - asyncio - ERROR - Unclosed client session
client_session: <aiohttp.client.ClientSession object at 0x000002ACB14FC770>
2026-05-11 16:20:24,197 - asyncio - ERROR - Unclosed connector
connections: ['deque([(<aiohttp.client_proto.ResponseHandler object at 0x000002ACB14A69F0>, 621606.718)])']
connector: <aiohttp.connector.TCPConnector object at 0x000002ACB14FCB00>
2026-05-11 16:20:24,846 - httpx - INFO - HTTP Request: POST https://api.telegram.org/bot8545495529:AAHGenwTFQJmNbq_9OJuI89OSmBVrUSlBRk/getUpdates "HTTP/1.1 200 OK"
2026-05-11 16:20:35,022 - httpx - INFO - HTTP Request: POST https://api.telegram.org/bot8545495529:AAHGenwTFQJmNbq_9OJuI89OSmBVrUSlBRk/getUpdates "HTTP/1.1 200 OK"
2026-05-11 16:20:35,219 - httpx - INFO - HTTP Request: POST https://api.telegram.org/bot8545495529:AAHGenwTFQJmNbq_9OJuI89OSmBVrUSlBRk/getUpdates "HTTP/1.1 200 OK"
2026-05-11 16:20:35,910 - httpx - INFO - HTTP Request: POST https://api.telegram.org/bot8545495529:AAHGenwTFQJmNbq_9OJuI89OSmBVrUSlBRk/sendMessage "HTTP/1.1 200 OK"
2026-05-11 16:20:38,134 - httpx - INFO - HTTP Request: POST https://api.telegram.org/bot8545495529:AAHGenwTFQJmNbq_9OJuI89OSmBVrUSlBRk/getUpdates "HTTP/1.1 200 OK"
2026-05-11 16:20:38,427 - httpx - INFO - HTTP Request: POST https://api.telegram.org/bot8545495529:AAHGenwTFQJmNbq_9OJuI89OSmBVrUSlBRk/answerCallbackQuery "HTTP/1.1 200 OK"
2026-05-11 16:20:38,734 - httpx - INFO - HTTP Request: POST https://api.telegram.org/bot8545495529:AAHGenwTFQJmNbq_9OJuI89OSmBVrUSlBRk/editMessageText "HTTP/1.1 200 OK"
2026-05-11 16:20:46,454 - httpx - INFO - HTTP Request: POST https://api.telegram.org/bot8545495529:AAHGenwTFQJmNbq_9OJuI89OSmBVrUSlBRk/getUpdates "HTTP/1.1 200 OK"
2026-05-11 16:20:47,193 - httpx - INFO - HTTP Request: POST https://api.telegram.org/bot8545495529:AAHGenwTFQJmNbq_9OJuI89OSmBVrUSlBRk/sendMessage "HTTP/1.1 200 OK"
2026-05-11 16:20:56,687 - httpx - INFO - HTTP Request: POST https://api.telegram.org/bot8545495529:AAHGenwTFQJmNbq_9OJuI89OSmBVrUSlBRk/getUpdates "HTTP/1.1 200 OK"
2026-05-11 16:21:06,862 - httpx - INFO - HTTP Request: POST https://api.telegram.org/bot8545495529:AAHGenwTFQJmNbq_9OJuI89OSmBVrUSlBRk/getUpdates "HTTP/1.1 200 OK"
2026-05-11 16:21:17,036 - httpx - INFO - HTTP Request: POST https://api.telegram.org/bot8545495529:AAHGenwTFQJmNbq_9OJuI89OSmBVrUSlBRk/getUpdates "HTTP/1.1 200 OK"
2026-05-11 16:21:21,420 - httpx - INFO - HTTP Request: POST https://api.telegram.org/bot8545495529:AAHGenwTFQJmNbq_9OJuI89OSmBVrUSlBRk/deleteMessage "HTTP/1.1 200 OK"
2026-05-11 16:21:21,749 - httpx - INFO - HTTP Request: POST https://api.telegram.org/bot8545495529:AAHGenwTFQJmNbq_9OJuI89OSmBVrUSlBRk/sendMessage "HTTP/1.1 200 OK"
2026-05-11 16:21:24,047 - httpx - INFO - HTTP Request: POST https://api.telegram.org/bot8545495529:AAHGenwTFQJmNbq_9OJuI89OSmBVrUSlBRk/sendDocument "HTTP/1.1 200 OK"
2026-05-11 16:21:24,048 - asyncio - ERROR - Unclosed client session
client_session: <aiohttp.client.ClientSession object at 0x000002ACB14FE390>
2026-05-11 16:21:24,048 - asyncio - ERROR - Unclosed connector
connections: ['deque([(<aiohttp.client_proto.ResponseHandler object at 0x000002ACB14A6C30>, 621664.875)])']
connector: <aiohttp.connector.TCPConnector object at 0x000002ACB151C680>
2026-05-11 16:21:27,210 - httpx - INFO - HTTP Request: POST https://api.telegram.org/bot8545495529:AAHGenwTFQJmNbq_9OJuI89OSmBVrUSlBRk/getUpdates "HTTP/1.1 200 OK"
2026-05-11 16:21:37,384 - httpx - INFO - HTTP Request: POST https://api.telegram.org/bot8545495529:AAHGenwTFQJmNbq_9OJuI89OSmBVrUSlBRk/getUpdates "HTTP/1.1 200 OK"
2026-05-11 16:21:47,560 - httpx - INFO - HTTP Request: POST https://api.telegram.org/bot8545495529:AAHGenwTFQJmNbq_9OJuI89OSmBVrUSlBRk/getUpdates "HTTP/1.1 200 OK"
2026-05-11 16:21:57,737 - httpx - INFO - HTTP Request: POST https://api.telegram.org/bot8545495529:AAHGenwTFQJmNbq_9OJuI89OSmBVrUSlBRk/getUpdates "HTTP/1.1 200 OK"
2026-05-11 16:22:07,912 - httpx - INFO - HTTP Request: POST https://api.telegram.org/bot8545495529:AAHGenwTFQJmNbq_9OJuI89OSmBVrUSlBRk/getUpdates "HTTP/1.1 200 OK"
2026-05-11 16:22:18,085 - httpx - INFO - HTTP Request: POST https://api.telegram.org/bot8545495529:AAHGenwTFQJmNbq_9OJuI89OSmBVrUSlBRk/getUpdates "HTTP/1.1 200 OK"
2026-05-11 16:22:28,261 - httpx - INFO - HTTP Request: POST https://api.telegram.org/bot8545495529:AAHGenwTFQJmNbq_9OJuI89OSmBVrUSlBRk/getUpdates "HTTP/1.1 200 OK"
2026-05-11 16:22:38,436 - httpx - INFO - HTTP Request: POST https://api.telegram.org/bot8545495529:AAHGenwTFQJmNbq_9OJuI89OSmBVrUSlBRk/getUpdates "HTTP/1.1 200 OK"
2026-05-11 16:22:48,614 - httpx - INFO - HTTP Request: POST https://api.telegram.org/bot8545495529:AAHGenwTFQJmNbq_9OJuI89OSmBVrUSlBRk/getUpdates "HTTP/1.1 200 OK"
2026-05-11 16:22:58,788 - httpx - INFO - HTTP Request: POST https://api.telegram.org/bot8545495529:AAHGenwTFQJmNbq_9OJuI89OSmBVrUSlBRk/getUpdates "HTTP/1.1 200 OK"
2026-05-11 16:23:08,964 - httpx - INFO - HTTP Request: POST https://api.telegram.org/bot8545495529:AAHGenwTFQJmNbq_9OJuI89OSmBVrUSlBRk/getUpdates "HTTP/1.1 200 OK"
2026-05-11 16:23:19,141 - httpx - INFO - HTTP Request: POST https://api.telegram.org/bot8545495529:AAHGenwTFQJmNbq_9OJuI89OSmBVrUSlBRk/getUpdates "HTTP/1.1 200 OK"
2026-05-11 16:23:29,317 - httpx - INFO - HTTP Request: POST https://api.telegram.org/bot8545495529:AAHGenwTFQJmNbq_9OJuI89OSmBVrUSlBRk/getUpdates "HTTP/1.1 200 OK"
2026-05-11 16:23:39,491 - httpx - INFO - HTTP Request: POST https://api.telegram.org/bot8545495529:AAHGenwTFQJmNbq_9OJuI89OSmBVrUSlBRk/getUpdates "HTTP/1.1 200 OK"
2026-05-11 16:23:49,668 - httpx - INFO - HTTP Request: POST https://api.telegram.org/bot8545495529:AAHGenwTFQJmNbq_9OJuI89OSmBVrUSlBRk/getUpdates "HTTP/1.1 200 OK"
2026-05-11 16:23:59,844 - httpx - INFO - HTTP Request: POST https://api.telegram.org/bot8545495529:AAHGenwTFQJmNbq_9OJuI89OSmBVrUSlBRk/getUpdates "HTTP/1.1 200 OK"
2026-05-11 16:24:10,020 - httpx - INFO - HTTP Request: POST https://api.telegram.org/bot8545495529:AAHGenwTFQJmNbq_9OJuI89OSmBVrUSlBRk/getUpdates "HTTP/1.1 200 OK"
2026-05-11 16:24:20,194 - httpx - INFO - HTTP Request: POST https://api.telegram.org/bot8545495529:AAHGenwTFQJmNbq_9OJuI89OSmBVrUSlBRk/getUpdates "HTTP/1.1 200 OK"
2026-05-11 16:24:30,369 - httpx - INFO - HTTP Request: POST https://api.telegram.org/bot8545495529:AAHGenwTFQJmNbq_9OJuI89OSmBVrUSlBRk/getUpdates "HTTP/1.1 200 OK"
2026-05-11 16:24:40,543 - httpx - INFO - HTTP Request: POST https://api.telegram.org/bot8545495529:AAHGenwTFQJmNbq_9OJuI89OSmBVrUSlBRk/getUpdates "HTTP/1.1 200 OK"
2026-05-11 16:24:50,719 - httpx - INFO - HTTP Request: POST https://api.telegram.org/bot8545495529:AAHGenwTFQJmNbq_9OJuI89OSmBVrUSlBRk/getUpdates "HTTP/1.1 200 OK"
2026-05-11 16:25:00,896 - httpx - INFO - HTTP Request: POST https://api.telegram.org/bot8545495529:AAHGenwTFQJmNbq_9OJuI89OSmBVrUSlBRk/getUpdates "HTTP/1.1 200 OK"
2026-05-11 16:25:11,072 - httpx - INFO - HTTP Request: POST https://api.telegram.org/bot8545495529:AAHGenwTFQJmNbq_9OJuI89OSmBVrUSlBRk/getUpdates "HTTP/1.1 200 OK"
2026-05-11 16:25:21,247 - httpx - INFO - HTTP Request: POST https://api.telegram.org/bot8545495529:AAHGenwTFQJmNbq_9OJuI89OSmBVrUSlBRk/getUpdates "HTTP/1.1 200 OK"
2026-05-11 16:25:31,422 - httpx - INFO - HTTP Request: POST https://api.telegram.org/bot8545495529:AAHGenwTFQJmNbq_9OJuI89OSmBVrUSlBRk/getUpdates "HTTP/1.1 200 OK"
2026-05-11 16:25:41,599 - httpx - INFO - HTTP Request: POST https://api.telegram.org/bot8545495529:AAHGenwTFQJmNbq_9OJuI89OSmBVrUSlBRk/getUpdates "HTTP/1.1 200 OK"
2026-05-11 16:25:51,777 - httpx - INFO - HTTP Request: POST https://api.telegram.org/bot8545495529:AAHGenwTFQJmNbq_9OJuI89OSmBVrUSlBRk/getUpdates "HTTP/1.1 200 OK"
2026-05-11 16:26:01,952 - httpx - INFO - HTTP Request: POST https://api.telegram.org/bot8545495529:AAHGenwTFQJmNbq_9OJuI89OSmBVrUSlBRk/getUpdates "HTTP/1.1 200 OK"
2026-05-11 16:26:12,126 - httpx - INFO - HTTP Request: POST https://api.telegram.org/bot8545495529:AAHGenwTFQJmNbq_9OJuI89OSmBVrUSlBRk/getUpdates "HTTP/1.1 200 OK"
2026-05-11 16:26:22,300 - httpx - INFO - HTTP Request: POST https://api.telegram.org/bot8545495529:AAHGenwTFQJmNbq_9OJuI89OSmBVrUSlBRk/getUpdates "HTTP/1.1 200 OK"
2026-05-11 16:26:32,475 - httpx - INFO - HTTP Request: POST https://api.telegram.org/bot8545495529:AAHGenwTFQJmNbq_9OJuI89OSmBVrUSlBRk/getUpdates "HTTP/1.1 200 OK"
2026-05-11 16:26:42,651 - httpx - INFO - HTTP Request: POST https://api.telegram.org/bot8545495529:AAHGenwTFQJmNbq_9OJuI89OSmBVrUSlBRk/getUpdates "HTTP/1.1 200 OK"
2026-05-11 16:26:52,826 - httpx - INFO - HTTP Request: POST https://api.telegram.org/bot8545495529:AAHGenwTFQJmNbq_9OJuI89OSmBVrUSlBRk/getUpdates "HTTP/1.1 200 OK"
2026-05-11 16:27:03,003 - httpx - INFO - HTTP Request: POST https://api.telegram.org/bot8545495529:AAHGenwTFQJmNbq_9OJuI89OSmBVrUSlBRk/getUpdates "HTTP/1.1 200 OK"
2026-05-11 16:27:13,180 - httpx - INFO - HTTP Request: POST https://api.telegram.org/bot8545495529:AAHGenwTFQJmNbq_9OJuI89OSmBVrUSlBRk/getUpdates "HTTP/1.1 200 OK"
2026-05-11 16:27:23,356 - httpx - INFO - HTTP Request: POST https://api.telegram.org/bot8545495529:AAHGenwTFQJmNbq_9OJuI89OSmBVrUSlBRk/getUpdates "HTTP/1.1 200 OK"
2026-05-11 16:27:33,532 - httpx - INFO - HTTP Request: POST https://api.telegram.org/bot8545495529:AAHGenwTFQJmNbq_9OJuI89OSmBVrUSlBRk/getUpdates "HTTP/1.1 200 OK"
2026-05-11 16:27:43,709 - httpx - INFO - HTTP Request: POST https://api.telegram.org/bot8545495529:AAHGenwTFQJmNbq_9OJuI89OSmBVrUSlBRk/getUpdates "HTTP/1.1 200 OK"
2026-05-11 16:27:53,885 - httpx - INFO - HTTP Request: POST https://api.telegram.org/bot8545495529:AAHGenwTFQJmNbq_9OJuI89OSmBVrUSlBRk/getUpdates "HTTP/1.1 200 OK"
2026-05-11 16:28:04,061 - httpx - INFO - HTTP Request: POST https://api.telegram.org/bot8545495529:AAHGenwTFQJmNbq_9OJuI89OSmBVrUSlBRk/getUpdates "HTTP/1.1 200 OK"
2026-05-11 16:28:14,235 - httpx - INFO - HTTP Request: POST https://api.telegram.org/bot8545495529:AAHGenwTFQJmNbq_9OJuI89OSmBVrUSlBRk/getUpdates "HTTP/1.1 200 OK"
2026-05-11 16:28:24,411 - httpx - INFO - HTTP Request: POST https://api.telegram.org/bot8545495529:AAHGenwTFQJmNbq_9OJuI89OSmBVrUSlBRk/getUpdates "HTTP/1.1 200 OK"
2026-05-11 16:28:34,587 - httpx - INFO - HTTP Request: POST https://api.telegram.org/bot8545495529:AAHGenwTFQJmNbq_9OJuI89OSmBVrUSlBRk/getUpdates "HTTP/1.1 200 OK"
2026-05-11 16:28:44,763 - httpx - INFO - HTTP Request: POST https://api.telegram.org/bot8545495529:AAHGenwTFQJmNbq_9OJuI89OSmBVrUSlBRk/getUpdates "HTTP/1.1 200 OK"
2026-05-11 16:28:54,939 - httpx - INFO - HTTP Request: POST https://api.telegram.org/bot8545495529:AAHGenwTFQJmNbq_9OJuI89OSmBVrUSlBRk/getUpdates "HTTP/1.1 200 OK"
2026-05-11 16:29:05,115 - httpx - INFO - HTTP Request: POST https://api.telegram.org/bot8545495529:AAHGenwTFQJmNbq_9OJuI89OSmBVrUSlBRk/getUpdates "HTTP/1.1 200 OK"
2026-05-11 16:29:15,289 - httpx - INFO - HTTP Request: POST https://api.telegram.org/bot8545495529:AAHGenwTFQJmNbq_9OJuI89OSmBVrUSlBRk/getUpdates "HTTP/1.1 200 OK"
2026-05-11 16:29:25,467 - httpx - INFO - HTTP Request: POST https://api.telegram.org/bot8545495529:AAHGenwTFQJmNbq_9OJuI89OSmBVrUSlBRk/getUpdates "HTTP/1.1 200 OK"
2026-05-11 16:29:35,644 - httpx - INFO - HTTP Request: POST https://api.telegram.org/bot8545495529:AAHGenwTFQJmNbq_9OJuI89OSmBVrUSlBRk/getUpdates "HTTP/1.1 200 OK"
2026-05-11 16:29:45,820 - httpx - INFO - HTTP Request: POST https://api.telegram.org/bot8545495529:AAHGenwTFQJmNbq_9OJuI89OSmBVrUSlBRk/getUpdates "HTTP/1.1 200 OK"
2026-05-11 16:29:55,995 - httpx - INFO - HTTP Request: POST https://api.telegram.org/bot8545495529:AAHGenwTFQJmNbq_9OJuI89OSmBVrUSlBRk/getUpdates "HTTP/1.1 200 OK"
2026-05-11 16:30:06,169 - httpx - INFO - HTTP Request: POST https://api.telegram.org/bot8545495529:AAHGenwTFQJmNbq_9OJuI89OSmBVrUSlBRk/getUpdates "HTTP/1.1 200 OK"
2026-05-11 16:30:16,344 - httpx - INFO - HTTP Request: POST https://api.telegram.org/bot8545495529:AAHGenwTFQJmNbq_9OJuI89OSmBVrUSlBRk/getUpdates "HTTP/1.1 200 OK"
2026-05-11 16:30:26,520 - httpx - INFO - HTTP Request: POST https://api.telegram.org/bot8545495529:AAHGenwTFQJmNbq_9OJuI89OSmBVrUSlBRk/getUpdates "HTTP/1.1 200 OK"
2026-05-11 16:30:36,697 - httpx - INFO - HTTP Request: POST https://api.telegram.org/bot8545495529:AAHGenwTFQJmNbq_9OJuI89OSmBVrUSlBRk/getUpdates "HTTP/1.1 200 OK"
2026-05-11 16:30:46,873 - httpx - INFO - HTTP Request: POST https://api.telegram.org/bot8545495529:AAHGenwTFQJmNbq_9OJuI89OSmBVrUSlBRk/getUpdates "HTTP/1.1 200 OK"
2026-05-11 16:30:57,048 - httpx - INFO - HTTP Request: POST https://api.telegram.org/bot8545495529:AAHGenwTFQJmNbq_9OJuI89OSmBVrUSlBRk/getUpdates "HTTP/1.1 200 OK"
2026-05-11 16:31:07,222 - httpx - INFO - HTTP Request: POST https://api.telegram.org/bot8545495529:AAHGenwTFQJmNbq_9OJuI89OSmBVrUSlBRk/getUpdates "HTTP/1.1 200 OK"
2026-05-11 16:31:17,395 - httpx - INFO - HTTP Request: POST https://api.telegram.org/bot8545495529:AAHGenwTFQJmNbq_9OJuI89OSmBVrUSlBRk/getUpdates "HTTP/1.1 200 OK"
2026-05-11 16:31:27,573 - httpx - INFO - HTTP Request: POST https://api.telegram.org/bot8545495529:AAHGenwTFQJmNbq_9OJuI89OSmBVrUSlBRk/getUpdates "HTTP/1.1 200 OK"
2026-05-11 16:31:37,749 - httpx - INFO - HTTP Request: POST https://api.telegram.org/bot8545495529:AAHGenwTFQJmNbq_9OJuI89OSmBVrUSlBRk/getUpdates "HTTP/1.1 200 OK"
2026-05-11 16:31:47,925 - httpx - INFO - HTTP Request: POST https://api.telegram.org/bot8545495529:AAHGenwTFQJmNbq_9OJuI89OSmBVrUSlBRk/getUpdates "HTTP/1.1 200 OK"
2026-05-11 16:31:58,102 - httpx - INFO - HTTP Request: POST https://api.telegram.org/bot8545495529:AAHGenwTFQJmNbq_9OJuI89OSmBVrUSlBRk/getUpdates "HTTP/1.1 200 OK"
2026-05-11 16:32:08,278 - httpx - INFO - HTTP Request: POST https://api.telegram.org/bot8545495529:AAHGenwTFQJmNbq_9OJuI89OSmBVrUSlBRk/getUpdates "HTTP/1.1 200 OK"
2026-05-11 16:32:18,457 - httpx - INFO - HTTP Request: POST https://api.telegram.org/bot8545495529:AAHGenwTFQJmNbq_9OJuI89OSmBVrUSlBRk/getUpdates "HTTP/1.1 200 OK"
2026-05-11 16:32:28,632 - httpx - INFO - HTTP Request: POST https://api.telegram.org/bot8545495529:AAHGenwTFQJmNbq_9OJuI89OSmBVrUSlBRk/getUpdates "HTTP/1.1 200 OK"
2026-05-11 16:32:38,807 - httpx - INFO - HTTP Request: POST https://api.telegram.org/bot8545495529:AAHGenwTFQJmNbq_9OJuI89OSmBVrUSlBRk/getUpdates "HTTP/1.1 200 OK"
2026-05-11 16:32:48,984 - httpx - INFO - HTTP Request: POST https://api.telegram.org/bot8545495529:AAHGenwTFQJmNbq_9OJuI89OSmBVrUSlBRk/getUpdates "HTTP/1.1 200 OK"
2026-05-11 16:32:59,160 - httpx - INFO - HTTP Request: POST https://api.telegram.org/bot8545495529:AAHGenwTFQJmNbq_9OJuI89OSmBVrUSlBRk/getUpdates "HTTP/1.1 200 OK"
2026-05-11 16:33:09,334 - httpx - INFO - HTTP Request: POST https://api.telegram.org/bot8545495529:AAHGenwTFQJmNbq_9OJuI89OSmBVrUSlBRk/getUpdates "HTTP/1.1 200 OK"
2026-05-11 16:33:19,509 - httpx - INFO - HTTP Request: POST https://api.telegram.org/bot8545495529:AAHGenwTFQJmNbq_9OJuI89OSmBVrUSlBRk/getUpdates "HTTP/1.1 200 OK"
2026-05-11 16:33:29,685 - httpx - INFO - HTTP Request: POST https://api.telegram.org/bot8545495529:AAHGenwTFQJmNbq_9OJuI89OSmBVrUSlBRk/getUpdates "HTTP/1.1 200 OK"
2026-05-11 16:33:39,860 - httpx - INFO - HTTP Request: POST https://api.telegram.org/bot8545495529:AAHGenwTFQJmNbq_9OJuI89OSmBVrUSlBRk/getUpdates "HTTP/1.1 200 OK"
2026-05-11 16:33:50,439 - httpx - INFO - HTTP Request: POST https://api.telegram.org/bot8545495529:AAHGenwTFQJmNbq_9OJuI89OSmBVrUSlBRk/getUpdates "HTTP/1.1 200 OK"
2026-05-11 16:34:00,614 - httpx - INFO - HTTP Request: POST https://api.telegram.org/bot8545495529:AAHGenwTFQJmNbq_9OJuI89OSmBVrUSlBRk/getUpdates "HTTP/1.1 200 OK"
2026-05-11 16:34:10,791 - httpx - INFO - HTTP Request: POST https://api.telegram.org/bot8545495529:AAHGenwTFQJmNbq_9OJuI89OSmBVrUSlBRk/getUpdates "HTTP/1.1 200 OK"
2026-05-11 16:34:20,965 - httpx - INFO - HTTP Request: POST https://api.telegram.org/bot8545495529:AAHGenwTFQJmNbq_9OJuI89OSmBVrUSlBRk/getUpdates "HTTP/1.1 200 OK"
2026-05-11 16:34:31,141 - httpx - INFO - HTTP Request: POST https://api.telegram.org/bot8545495529:AAHGenwTFQJmNbq_9OJuI89OSmBVrUSlBRk/getUpdates "HTTP/1.1 200 OK"
2026-05-11 16:34:41,316 - httpx - INFO - HTTP Request: POST https://api.telegram.org/bot8545495529:AAHGenwTFQJmNbq_9OJuI89OSmBVrUSlBRk/getUpdates "HTTP/1.1 200 OK"
2026-05-11 16:34:51,494 - httpx - INFO - HTTP Request: POST https://api.telegram.org/bot8545495529:AAHGenwTFQJmNbq_9OJuI89OSmBVrUSlBRk/getUpdates "HTTP/1.1 200 OK"
2026-05-11 16:35:01,671 - httpx - INFO - HTTP Request: POST https://api.telegram.org/bot8545495529:AAHGenwTFQJmNbq_9OJuI89OSmBVrUSlBRk/getUpdates "HTTP/1.1 200 OK"
2026-05-11 16:35:11,847 - httpx - INFO - HTTP Request: POST https://api.telegram.org/bot8545495529:AAHGenwTFQJmNbq_9OJuI89OSmBVrUSlBRk/getUpdates "HTTP/1.1 200 OK"
2026-05-11 16:35:22,024 - httpx - INFO - HTTP Request: POST https://api.telegram.org/bot8545495529:AAHGenwTFQJmNbq_9OJuI89OSmBVrUSlBRk/getUpdates "HTTP/1.1 200 OK"
2026-05-11 16:35:32,200 - httpx - INFO - HTTP Request: POST https://api.telegram.org/bot8545495529:AAHGenwTFQJmNbq_9OJuI89OSmBVrUSlBRk/getUpdates "HTTP/1.1 200 OK"
2026-05-11 16:35:42,379 - httpx - INFO - HTTP Request: POST https://api.telegram.org/bot8545495529:AAHGenwTFQJmNbq_9OJuI89OSmBVrUSlBRk/getUpdates "HTTP/1.1 200 OK"
2026-05-11 16:35:52,555 - httpx - INFO - HTTP Request: POST https://api.telegram.org/bot8545495529:AAHGenwTFQJmNbq_9OJuI89OSmBVrUSlBRk/getUpdates "HTTP/1.1 200 OK"
2026-05-11 16:36:02,733 - httpx - INFO - HTTP Request: POST https://api.telegram.org/bot8545495529:AAHGenwTFQJmNbq_9OJuI89OSmBVrUSlBRk/getUpdates "HTTP/1.1 200 OK"
2026-05-11 16:36:12,908 - httpx - INFO - HTTP Request: POST https://api.telegram.org/bot8545495529:AAHGenwTFQJmNbq_9OJuI89OSmBVrUSlBRk/getUpdates "HTTP/1.1 200 OK"
2026-05-11 16:36:23,082 - httpx - INFO - HTTP Request: POST https://api.telegram.org/bot8545495529:AAHGenwTFQJmNbq_9OJuI89OSmBVrUSlBRk/getUpdates "HTTP/1.1 200 OK"
2026-05-11 16:36:33,254 - httpx - INFO - HTTP Request: POST https://api.telegram.org/bot8545495529:AAHGenwTFQJmNbq_9OJuI89OSmBVrUSlBRk/getUpdates "HTTP/1.1 200 OK"
2026-05-11 16:36:43,426 - httpx - INFO - HTTP Request: POST https://api.telegram.org/bot8545495529:AAHGenwTFQJmNbq_9OJuI89OSmBVrUSlBRk/getUpdates "HTTP/1.1 200 OK"
2026-05-11 16:36:53,601 - httpx - INFO - HTTP Request: POST https://api.telegram.org/bot8545495529:AAHGenwTFQJmNbq_9OJuI89OSmBVrUSlBRk/getUpdates "HTTP/1.1 200 OK"
2026-05-11 16:37:03,776 - httpx - INFO - HTTP Request: POST https://api.telegram.org/bot8545495529:AAHGenwTFQJmNbq_9OJuI89OSmBVrUSlBRk/getUpdates "HTTP/1.1 200 OK"
2026-05-11 16:37:13,950 - httpx - INFO - HTTP Request: POST https://api.telegram.org/bot8545495529:AAHGenwTFQJmNbq_9OJuI89OSmBVrUSlBRk/getUpdates "HTTP/1.1 200 OK"
2026-05-11 16:37:24,124 - httpx - INFO - HTTP Request: POST https://api.telegram.org/bot8545495529:AAHGenwTFQJmNbq_9OJuI89OSmBVrUSlBRk/getUpdates "HTTP/1.1 200 OK"
2026-05-11 16:37:34,301 - httpx - INFO - HTTP Request: POST https://api.telegram.org/bot8545495529:AAHGenwTFQJmNbq_9OJuI89OSmBVrUSlBRk/getUpdates "HTTP/1.1 200 OK"
2026-05-11 16:37:44,476 - httpx - INFO - HTTP Request: POST https://api.telegram.org/bot8545495529:AAHGenwTFQJmNbq_9OJuI89OSmBVrUSlBRk/getUpdates "HTTP/1.1 200 OK"
2026-05-11 16:37:54,651 - httpx - INFO - HTTP Request: POST https://api.telegram.org/bot8545495529:AAHGenwTFQJmNbq_9OJuI89OSmBVrUSlBRk/getUpdates "HTTP/1.1 200 OK"
2026-05-11 16:38:04,825 - httpx - INFO - HTTP Request: POST https://api.telegram.org/bot8545495529:AAHGenwTFQJmNbq_9OJuI89OSmBVrUSlBRk/getUpdates "HTTP/1.1 200 OK"
2026-05-11 16:38:14,999 - httpx - INFO - HTTP Request: POST https://api.telegram.org/bot8545495529:AAHGenwTFQJmNbq_9OJuI89OSmBVrUSlBRk/getUpdates "HTTP/1.1 200 OK"
2026-05-11 16:38:25,175 - httpx - INFO - HTTP Request: POST https://api.telegram.org/bot8545495529:AAHGenwTFQJmNbq_9OJuI89OSmBVrUSlBRk/getUpdates "HTTP/1.1 200 OK"
2026-05-11 16:38:35,350 - httpx - INFO - HTTP Request: POST https://api.telegram.org/bot8545495529:AAHGenwTFQJmNbq_9OJuI89OSmBVrUSlBRk/getUpdates "HTTP/1.1 200 OK"
2026-05-11 16:38:45,526 - httpx - INFO - HTTP Request: POST https://api.telegram.org/bot8545495529:AAHGenwTFQJmNbq_9OJuI89OSmBVrUSlBRk/getUpdates "HTTP/1.1 200 OK"
2026-05-11 16:38:55,700 - httpx - INFO - HTTP Request: POST https://api.telegram.org/bot8545495529:AAHGenwTFQJmNbq_9OJuI89OSmBVrUSlBRk/getUpdates "HTTP/1.1 200 OK"
2026-05-11 16:39:05,875 - httpx - INFO - HTTP Request: POST https://api.telegram.org/bot8545495529:AAHGenwTFQJmNbq_9OJuI89OSmBVrUSlBRk/getUpdates "HTTP/1.1 200 OK"
2026-05-11 16:39:16,053 - httpx - INFO - HTTP Request: POST https://api.telegram.org/bot8545495529:AAHGenwTFQJmNbq_9OJuI89OSmBVrUSlBRk/getUpdates "HTTP/1.1 200 OK"
2026-05-11 16:39:26,229 - httpx - INFO - HTTP Request: POST https://api.telegram.org/bot8545495529:AAHGenwTFQJmNbq_9OJuI89OSmBVrUSlBRk/getUpdates "HTTP/1.1 200 OK"
2026-05-11 16:39:36,404 - httpx - INFO - HTTP Request: POST https://api.telegram.org/bot8545495529:AAHGenwTFQJmNbq_9OJuI89OSmBVrUSlBRk/getUpdates "HTTP/1.1 200 OK"
2026-05-11 16:39:46,578 - httpx - INFO - HTTP Request: POST https://api.telegram.org/bot8545495529:AAHGenwTFQJmNbq_9OJuI89OSmBVrUSlBRk/getUpdates "HTTP/1.1 200 OK"
2026-05-11 16:39:56,754 - httpx - INFO - HTTP Request: POST https://api.telegram.org/bot8545495529:AAHGenwTFQJmNbq_9OJuI89OSmBVrUSlBRk/getUpdates "HTTP/1.1 200 OK"
2026-05-11 16:40:06,930 - httpx - INFO - HTTP Request: POST https://api.telegram.org/bot8545495529:AAHGenwTFQJmNbq_9OJuI89OSmBVrUSlBRk/getUpdates "HTTP/1.1 200 OK"
2026-05-11 16:40:17,105 - httpx - INFO - HTTP Request: POST https://api.telegram.org/bot8545495529:AAHGenwTFQJmNbq_9OJuI89OSmBVrUSlBRk/getUpdates "HTTP/1.1 200 OK"
2026-05-11 16:40:27,281 - httpx - INFO - HTTP Request: POST https://api.telegram.org/bot8545495529:AAHGenwTFQJmNbq_9OJuI89OSmBVrUSlBRk/getUpdates "HTTP/1.1 200 OK"
2026-05-11 16:40:37,455 - httpx - INFO - HTTP Request: POST https://api.telegram.org/bot8545495529:AAHGenwTFQJmNbq_9OJuI89OSmBVrUSlBRk/getUpdates "HTTP/1.1 200 OK"
2026-05-11 16:40:47,629 - httpx - INFO - HTTP Request: POST https://api.telegram.org/bot8545495529:AAHGenwTFQJmNbq_9OJuI89OSmBVrUSlBRk/getUpdates "HTTP/1.1 200 OK"
2026-05-11 16:40:57,805 - httpx - INFO - HTTP Request: POST https://api.telegram.org/bot8545495529:AAHGenwTFQJmNbq_9OJuI89OSmBVrUSlBRk/getUpdates "HTTP/1.1 200 OK"
2026-05-11 16:41:07,981 - httpx - INFO - HTTP Request: POST https://api.telegram.org/bot8545495529:AAHGenwTFQJmNbq_9OJuI89OSmBVrUSlBRk/getUpdates "HTTP/1.1 200 OK"
2026-05-11 16:41:18,157 - httpx - INFO - HTTP Request: POST https://api.telegram.org/bot8545495529:AAHGenwTFQJmNbq_9OJuI89OSmBVrUSlBRk/getUpdates "HTTP/1.1 200 OK"
2026-05-11 16:41:28,334 - httpx - INFO - HTTP Request: POST https://api.telegram.org/bot8545495529:AAHGenwTFQJmNbq_9OJuI89OSmBVrUSlBRk/getUpdates "HTTP/1.1 200 OK"
2026-05-11 16:41:38,512 - httpx - INFO - HTTP Request: POST https://api.telegram.org/bot8545495529:AAHGenwTFQJmNbq_9OJuI89OSmBVrUSlBRk/getUpdates "HTTP/1.1 200 OK"
2026-05-11 16:41:48,688 - httpx - INFO - HTTP Request: POST https://api.telegram.org/bot8545495529:AAHGenwTFQJmNbq_9OJuI89OSmBVrUSlBRk/getUpdates "HTTP/1.1 200 OK"
2026-05-11 16:41:58,865 - httpx - INFO - HTTP Request: POST https://api.telegram.org/bot8545495529:AAHGenwTFQJmNbq_9OJuI89OSmBVrUSlBRk/getUpdates "HTTP/1.1 200 OK"
2026-05-11 16:42:09,041 - httpx - INFO - HTTP Request: POST https://api.telegram.org/bot8545495529:AAHGenwTFQJmNbq_9OJuI89OSmBVrUSlBRk/getUpdates "HTTP/1.1 200 OK"
2026-05-11 16:42:19,218 - httpx - INFO - HTTP Request: POST https://api.telegram.org/bot8545495529:AAHGenwTFQJmNbq_9OJuI89OSmBVrUSlBRk/getUpdates "HTTP/1.1 200 OK"
2026-05-11 16:42:29,393 - httpx - INFO - HTTP Request: POST https://api.telegram.org/bot8545495529:AAHGenwTFQJmNbq_9OJuI89OSmBVrUSlBRk/getUpdates "HTTP/1.1 200 OK"
2026-05-11 16:42:39,570 - httpx - INFO - HTTP Request: POST https://api.telegram.org/bot8545495529:AAHGenwTFQJmNbq_9OJuI89OSmBVrUSlBRk/getUpdates "HTTP/1.1 200 OK"
2026-05-11 16:42:49,746 - httpx - INFO - HTTP Request: POST https://api.telegram.org/bot8545495529:AAHGenwTFQJmNbq_9OJuI89OSmBVrUSlBRk/getUpdates "HTTP/1.1 200 OK"
2026-05-11 16:42:59,919 - httpx - INFO - HTTP Request: POST https://api.telegram.org/bot8545495529:AAHGenwTFQJmNbq_9OJuI89OSmBVrUSlBRk/getUpdates "HTTP/1.1 200 OK"
2026-05-11 16:43:10,095 - httpx - INFO - HTTP Request: POST https://api.telegram.org/bot8545495529:AAHGenwTFQJmNbq_9OJuI89OSmBVrUSlBRk/getUpdates "HTTP/1.1 200 OK"
2026-05-11 16:43:20,268 - httpx - INFO - HTTP Request: POST https://api.telegram.org/bot8545495529:AAHGenwTFQJmNbq_9OJuI89OSmBVrUSlBRk/getUpdates "HTTP/1.1 200 OK"
2026-05-11 16:43:30,440 - httpx - INFO - HTTP Request: POST https://api.telegram.org/bot8545495529:AAHGenwTFQJmNbq_9OJuI89OSmBVrUSlBRk/getUpdates "HTTP/1.1 200 OK"
2026-05-11 16:43:40,615 - httpx - INFO - HTTP Request: POST https://api.telegram.org/bot8545495529:AAHGenwTFQJmNbq_9OJuI89OSmBVrUSlBRk/getUpdates "HTTP/1.1 200 OK"
2026-05-11 16:43:50,788 - httpx - INFO - HTTP Request: POST https://api.telegram.org/bot8545495529:AAHGenwTFQJmNbq_9OJuI89OSmBVrUSlBRk/getUpdates "HTTP/1.1 200 OK"
2026-05-11 16:44:00,964 - httpx - INFO - HTTP Request: POST https://api.telegram.org/bot8545495529:AAHGenwTFQJmNbq_9OJuI89OSmBVrUSlBRk/getUpdates "HTTP/1.1 200 OK"
2026-05-11 16:44:11,138 - httpx - INFO - HTTP Request: POST https://api.telegram.org/bot8545495529:AAHGenwTFQJmNbq_9OJuI89OSmBVrUSlBRk/getUpdates "HTTP/1.1 200 OK"
2026-05-11 16:44:21,313 - httpx - INFO - HTTP Request: POST https://api.telegram.org/bot8545495529:AAHGenwTFQJmNbq_9OJuI89OSmBVrUSlBRk/getUpdates "HTTP/1.1 200 OK"
2026-05-11 16:44:31,487 - httpx - INFO - HTTP Request: POST https://api.telegram.org/bot8545495529:AAHGenwTFQJmNbq_9OJuI89OSmBVrUSlBRk/getUpdates "HTTP/1.1 200 OK"
2026-05-11 16:44:41,662 - httpx - INFO - HTTP Request: POST https://api.telegram.org/bot8545495529:AAHGenwTFQJmNbq_9OJuI89OSmBVrUSlBRk/getUpdates "HTTP/1.1 200 OK"
2026-05-11 16:44:51,838 - httpx - INFO - HTTP Request: POST https://api.telegram.org/bot8545495529:AAHGenwTFQJmNbq_9OJuI89OSmBVrUSlBRk/getUpdates "HTTP/1.1 200 OK"
2026-05-11 16:45:02,014 - httpx - INFO - HTTP Request: POST https://api.telegram.org/bot8545495529:AAHGenwTFQJmNbq_9OJuI89OSmBVrUSlBRk/getUpdates "HTTP/1.1 200 OK"
2026-05-11 16:45:12,188 - httpx - INFO - HTTP Request: POST https://api.telegram.org/bot8545495529:AAHGenwTFQJmNbq_9OJuI89OSmBVrUSlBRk/getUpdates "HTTP/1.1 200 OK"
2026-05-11 16:45:22,361 - httpx - INFO - HTTP Request: POST https://api.telegram.org/bot8545495529:AAHGenwTFQJmNbq_9OJuI89OSmBVrUSlBRk/getUpdates "HTTP/1.1 200 OK"
2026-05-11 16:45:32,538 - httpx - INFO - HTTP Request: POST https://api.telegram.org/bot8545495529:AAHGenwTFQJmNbq_9OJuI89OSmBVrUSlBRk/getUpdates "HTTP/1.1 200 OK"
2026-05-11 16:45:42,712 - httpx - INFO - HTTP Request: POST https://api.telegram.org/bot8545495529:AAHGenwTFQJmNbq_9OJuI89OSmBVrUSlBRk/getUpdates "HTTP/1.1 200 OK"
2026-05-11 16:45:52,888 - httpx - INFO - HTTP Request: POST https://api.telegram.org/bot8545495529:AAHGenwTFQJmNbq_9OJuI89OSmBVrUSlBRk/getUpdates "HTTP/1.1 200 OK"
2026-05-11 16:46:03,067 - httpx - INFO - HTTP Request: POST https://api.telegram.org/bot8545495529:AAHGenwTFQJmNbq_9OJuI89OSmBVrUSlBRk/getUpdates "HTTP/1.1 200 OK"
2026-05-11 16:46:13,241 - httpx - INFO - HTTP Request: POST https://api.telegram.org/bot8545495529:AAHGenwTFQJmNbq_9OJuI89OSmBVrUSlBRk/getUpdates "HTTP/1.1 200 OK"
2026-05-11 16:46:23,416 - httpx - INFO - HTTP Request: POST https://api.telegram.org/bot8545495529:AAHGenwTFQJmNbq_9OJuI89OSmBVrUSlBRk/getUpdates "HTTP/1.1 200 OK"
2026-05-11 16:46:33,590 - httpx - INFO - HTTP Request: POST https://api.telegram.org/bot8545495529:AAHGenwTFQJmNbq_9OJuI89OSmBVrUSlBRk/getUpdates "HTTP/1.1 200 OK"
2026-05-11 16:46:43,765 - httpx - INFO - HTTP Request: POST https://api.telegram.org/bot8545495529:AAHGenwTFQJmNbq_9OJuI89OSmBVrUSlBRk/getUpdates "HTTP/1.1 200 OK"
2026-05-11 16:46:53,939 - httpx - INFO - HTTP Request: POST https://api.telegram.org/bot8545495529:AAHGenwTFQJmNbq_9OJuI89OSmBVrUSlBRk/getUpdates "HTTP/1.1 200 OK"
2026-05-11 16:47:04,115 - httpx - INFO - HTTP Request: POST https://api.telegram.org/bot8545495529:AAHGenwTFQJmNbq_9OJuI89OSmBVrUSlBRk/getUpdates "HTTP/1.1 200 OK"
2026-05-11 16:47:14,291 - httpx - INFO - HTTP Request: POST https://api.telegram.org/bot8545495529:AAHGenwTFQJmNbq_9OJuI89OSmBVrUSlBRk/getUpdates "HTTP/1.1 200 OK"
2026-05-11 16:47:24,468 - httpx - INFO - HTTP Request: POST https://api.telegram.org/bot8545495529:AAHGenwTFQJmNbq_9OJuI89OSmBVrUSlBRk/getUpdates "HTTP/1.1 200 OK"
2026-05-11 16:47:34,642 - httpx - INFO - HTTP Request: POST https://api.telegram.org/bot8545495529:AAHGenwTFQJmNbq_9OJuI89OSmBVrUSlBRk/getUpdates "HTTP/1.1 200 OK"
2026-05-11 16:47:44,818 - httpx - INFO - HTTP Request: POST https://api.telegram.org/bot8545495529:AAHGenwTFQJmNbq_9OJuI89OSmBVrUSlBRk/getUpdates "HTTP/1.1 200 OK"
2026-05-11 16:47:54,995 - httpx - INFO - HTTP Request: POST https://api.telegram.org/bot8545495529:AAHGenwTFQJmNbq_9OJuI89OSmBVrUSlBRk/getUpdates "HTTP/1.1 200 OK"
2026-05-11 16:48:05,171 - httpx - INFO - HTTP Request: POST https://api.telegram.org/bot8545495529:AAHGenwTFQJmNbq_9OJuI89OSmBVrUSlBRk/getUpdates "HTTP/1.1 200 OK"
2026-05-11 16:48:15,346 - httpx - INFO - HTTP Request: POST https://api.telegram.org/bot8545495529:AAHGenwTFQJmNbq_9OJuI89OSmBVrUSlBRk/getUpdates "HTTP/1.1 200 OK"
2026-05-11 16:48:25,521 - httpx - INFO - HTTP Request: POST https://api.telegram.org/bot8545495529:AAHGenwTFQJmNbq_9OJuI89OSmBVrUSlBRk/getUpdates "HTTP/1.1 200 OK"
2026-05-11 16:48:35,696 - httpx - INFO - HTTP Request: POST https://api.telegram.org/bot8545495529:AAHGenwTFQJmNbq_9OJuI89OSmBVrUSlBRk/getUpdates "HTTP/1.1 200 OK"
2026-05-11 16:48:45,873 - httpx - INFO - HTTP Request: POST https://api.telegram.org/bot8545495529:AAHGenwTFQJmNbq_9OJuI89OSmBVrUSlBRk/getUpdates "HTTP/1.1 200 OK"
2026-05-11 16:48:56,051 - httpx - INFO - HTTP Request: POST https://api.telegram.org/bot8545495529:AAHGenwTFQJmNbq_9OJuI89OSmBVrUSlBRk/getUpdates "HTTP/1.1 200 OK"
2026-05-11 16:49:06,226 - httpx - INFO - HTTP Request: POST https://api.telegram.org/bot8545495529:AAHGenwTFQJmNbq_9OJuI89OSmBVrUSlBRk/getUpdates "HTTP/1.1 200 OK"
2026-05-11 16:49:16,398 - httpx - INFO - HTTP Request: POST https://api.telegram.org/bot8545495529:AAHGenwTFQJmNbq_9OJuI89OSmBVrUSlBRk/getUpdates "HTTP/1.1 200 OK"
2026-05-11 16:49:26,572 - httpx - INFO - HTTP Request: POST https://api.telegram.org/bot8545495529:AAHGenwTFQJmNbq_9OJuI89OSmBVrUSlBRk/getUpdates "HTTP/1.1 200 OK"
2026-05-11 16:49:36,749 - httpx - INFO - HTTP Request: POST https://api.telegram.org/bot8545495529:AAHGenwTFQJmNbq_9OJuI89OSmBVrUSlBRk/getUpdates "HTTP/1.1 200 OK"
2026-05-11 16:49:46,926 - httpx - INFO - HTTP Request: POST https://api.telegram.org/bot8545495529:AAHGenwTFQJmNbq_9OJuI89OSmBVrUSlBRk/getUpdates "HTTP/1.1 200 OK"
2026-05-11 16:49:57,102 - httpx - INFO - HTTP Request: POST https://api.telegram.org/bot8545495529:AAHGenwTFQJmNbq_9OJuI89OSmBVrUSlBRk/getUpdates "HTTP/1.1 200 OK"
2026-05-11 16:50:07,278 - httpx - INFO - HTTP Request: POST https://api.telegram.org/bot8545495529:AAHGenwTFQJmNbq_9OJuI89OSmBVrUSlBRk/getUpdates "HTTP/1.1 200 OK"
2026-05-11 16:50:17,453 - httpx - INFO - HTTP Request: POST https://api.telegram.org/bot8545495529:AAHGenwTFQJmNbq_9OJuI89OSmBVrUSlBRk/getUpdates "HTTP/1.1 200 OK"
2026-05-11 16:50:27,628 - httpx - INFO - HTTP Request: POST https://api.telegram.org/bot8545495529:AAHGenwTFQJmNbq_9OJuI89OSmBVrUSlBRk/getUpdates "HTTP/1.1 200 OK"
2026-05-11 16:50:37,803 - httpx - INFO - HTTP Request: POST https://api.telegram.org/bot8545495529:AAHGenwTFQJmNbq_9OJuI89OSmBVrUSlBRk/getUpdates "HTTP/1.1 200 OK"
2026-05-11 16:50:48,370 - httpx - INFO - HTTP Request: POST https://api.telegram.org/bot8545495529:AAHGenwTFQJmNbq_9OJuI89OSmBVrUSlBRk/getUpdates "HTTP/1.1 200 OK"
2026-05-11 16:50:58,547 - httpx - INFO - HTTP Request: POST https://api.telegram.org/bot8545495529:AAHGenwTFQJmNbq_9OJuI89OSmBVrUSlBRk/getUpdates "HTTP/1.1 200 OK"
2026-05-11 16:51:08,727 - httpx - INFO - HTTP Request: POST https://api.telegram.org/bot8545495529:AAHGenwTFQJmNbq_9OJuI89OSmBVrUSlBRk/getUpdates "HTTP/1.1 200 OK"
2026-05-11 16:51:18,905 - httpx - INFO - HTTP Request: POST https://api.telegram.org/bot8545495529:AAHGenwTFQJmNbq_9OJuI89OSmBVrUSlBRk/getUpdates "HTTP/1.1 200 OK"
2026-05-11 16:51:29,080 - httpx - INFO - HTTP Request: POST https://api.telegram.org/bot8545495529:AAHGenwTFQJmNbq_9OJuI89OSmBVrUSlBRk/getUpdates "HTTP/1.1 200 OK"
2026-05-11 16:51:39,255 - httpx - INFO - HTTP Request: POST https://api.telegram.org/bot8545495529:AAHGenwTFQJmNbq_9OJuI89OSmBVrUSlBRk/getUpdates "HTTP/1.1 200 OK"
2026-05-11 16:51:49,435 - httpx - INFO - HTTP Request: POST https://api.telegram.org/bot8545495529:AAHGenwTFQJmNbq_9OJuI89OSmBVrUSlBRk/getUpdates "HTTP/1.1 200 OK"
2026-05-11 16:51:59,611 - httpx - INFO - HTTP Request: POST https://api.telegram.org/bot8545495529:AAHGenwTFQJmNbq_9OJuI89OSmBVrUSlBRk/getUpdates "HTTP/1.1 200 OK"
2026-05-11 16:52:09,787 - httpx - INFO - HTTP Request: POST https://api.telegram.org/bot8545495529:AAHGenwTFQJmNbq_9OJuI89OSmBVrUSlBRk/getUpdates "HTTP/1.1 200 OK"
2026-05-11 16:52:19,962 - httpx - INFO - HTTP Request: POST https://api.telegram.org/bot8545495529:AAHGenwTFQJmNbq_9OJuI89OSmBVrUSlBRk/getUpdates "HTTP/1.1 200 OK"
2026-05-11 16:52:30,137 - httpx - INFO - HTTP Request: POST https://api.telegram.org/bot8545495529:AAHGenwTFQJmNbq_9OJuI89OSmBVrUSlBRk/getUpdates "HTTP/1.1 200 OK"
2026-05-11 16:52:40,316 - httpx - INFO - HTTP Request: POST https://api.telegram.org/bot8545495529:AAHGenwTFQJmNbq_9OJuI89OSmBVrUSlBRk/getUpdates "HTTP/1.1 200 OK"
2026-05-11 16:52:50,495 - httpx - INFO - HTTP Request: POST https://api.telegram.org/bot8545495529:AAHGenwTFQJmNbq_9OJuI89OSmBVrUSlBRk/getUpdates "HTTP/1.1 200 OK"
2026-05-11 16:53:00,671 - httpx - INFO - HTTP Request: POST https://api.telegram.org/bot8545495529:AAHGenwTFQJmNbq_9OJuI89OSmBVrUSlBRk/getUpdates "HTTP/1.1 200 OK"
2026-05-11 16:53:10,846 - httpx - INFO - HTTP Request: POST https://api.telegram.org/bot8545495529:AAHGenwTFQJmNbq_9OJuI89OSmBVrUSlBRk/getUpdates "HTTP/1.1 200 OK"
2026-05-11 16:53:21,020 - httpx - INFO - HTTP Request: POST https://api.telegram.org/bot8545495529:AAHGenwTFQJmNbq_9OJuI89OSmBVrUSlBRk/getUpdates "HTTP/1.1 200 OK"
2026-05-11 16:53:31,195 - httpx - INFO - HTTP Request: POST https://api.telegram.org/bot8545495529:AAHGenwTFQJmNbq_9OJuI89OSmBVrUSlBRk/getUpdates "HTTP/1.1 200 OK"
2026-05-11 16:53:41,372 - httpx - INFO - HTTP Request: POST https://api.telegram.org/bot8545495529:AAHGenwTFQJmNbq_9OJuI89OSmBVrUSlBRk/getUpdates "HTTP/1.1 200 OK"
2026-05-11 16:53:51,550 - httpx - INFO - HTTP Request: POST https://api.telegram.org/bot8545495529:AAHGenwTFQJmNbq_9OJuI89OSmBVrUSlBRk/getUpdates "HTTP/1.1 200 OK"
2026-05-11 16:54:01,728 - httpx - INFO - HTTP Request: POST https://api.telegram.org/bot8545495529:AAHGenwTFQJmNbq_9OJuI89OSmBVrUSlBRk/getUpdates "HTTP/1.1 200 OK"
2026-05-11 16:54:11,905 - httpx - INFO - HTTP Request: POST https://api.telegram.org/bot8545495529:AAHGenwTFQJmNbq_9OJuI89OSmBVrUSlBRk/getUpdates "HTTP/1.1 200 OK"
2026-05-11 16:54:22,081 - httpx - INFO - HTTP Request: POST https://api.telegram.org/bot8545495529:AAHGenwTFQJmNbq_9OJuI89OSmBVrUSlBRk/getUpdates "HTTP/1.1 200 OK"
2026-05-11 16:54:32,259 - httpx - INFO - HTTP Request: POST https://api.telegram.org/bot8545495529:AAHGenwTFQJmNbq_9OJuI89OSmBVrUSlBRk/getUpdates "HTTP/1.1 200 OK"
2026-05-11 16:54:42,436 - httpx - INFO - HTTP Request: POST https://api.telegram.org/bot8545495529:AAHGenwTFQJmNbq_9OJuI89OSmBVrUSlBRk/getUpdates "HTTP/1.1 200 OK"
2026-05-11 16:54:52,612 - httpx - INFO - HTTP Request: POST https://api.telegram.org/bot8545495529:AAHGenwTFQJmNbq_9OJuI89OSmBVrUSlBRk/getUpdates "HTTP/1.1 200 OK"
2026-05-11 16:55:02,789 - httpx - INFO - HTTP Request: POST https://api.telegram.org/bot8545495529:AAHGenwTFQJmNbq_9OJuI89OSmBVrUSlBRk/getUpdates "HTTP/1.1 200 OK"
2026-05-11 16:55:12,968 - httpx - INFO - HTTP Request: POST https://api.telegram.org/bot8545495529:AAHGenwTFQJmNbq_9OJuI89OSmBVrUSlBRk/getUpdates "HTTP/1.1 200 OK"
2026-05-11 16:55:23,144 - httpx - INFO - HTTP Request: POST https://api.telegram.org/bot8545495529:AAHGenwTFQJmNbq_9OJuI89OSmBVrUSlBRk/getUpdates "HTTP/1.1 200 OK"
2026-05-11 16:55:33,321 - httpx - INFO - HTTP Request: POST https://api.telegram.org/bot8545495529:AAHGenwTFQJmNbq_9OJuI89OSmBVrUSlBRk/getUpdates "HTTP/1.1 200 OK"
2026-05-11 16:55:43,499 - httpx - INFO - HTTP Request: POST https://api.telegram.org/bot8545495529:AAHGenwTFQJmNbq_9OJuI89OSmBVrUSlBRk/getUpdates "HTTP/1.1 200 OK"
2026-05-11 16:55:53,676 - httpx - INFO - HTTP Request: POST https://api.telegram.org/bot8545495529:AAHGenwTFQJmNbq_9OJuI89OSmBVrUSlBRk/getUpdates "HTTP/1.1 200 OK"
2026-05-11 16:56:03,852 - httpx - INFO - HTTP Request: POST https://api.telegram.org/bot8545495529:AAHGenwTFQJmNbq_9OJuI89OSmBVrUSlBRk/getUpdates "HTTP/1.1 200 OK"
2026-05-11 16:56:14,026 - httpx - INFO - HTTP Request: POST https://api.telegram.org/bot8545495529:AAHGenwTFQJmNbq_9OJuI89OSmBVrUSlBRk/getUpdates "HTTP/1.1 200 OK"
2026-05-11 16:56:24,202 - httpx - INFO - HTTP Request: POST https://api.telegram.org/bot8545495529:AAHGenwTFQJmNbq_9OJuI89OSmBVrUSlBRk/getUpdates "HTTP/1.1 200 OK"
2026-05-11 16:56:34,380 - httpx - INFO - HTTP Request: POST https://api.telegram.org/bot8545495529:AAHGenwTFQJmNbq_9OJuI89OSmBVrUSlBRk/getUpdates "HTTP/1.1 200 OK"
2026-05-11 16:56:44,561 - httpx - INFO - HTTP Request: POST https://api.telegram.org/bot8545495529:AAHGenwTFQJmNbq_9OJuI89OSmBVrUSlBRk/getUpdates "HTTP/1.1 200 OK"
2026-05-11 16:56:54,737 - httpx - INFO - HTTP Request: POST https://api.telegram.org/bot8545495529:AAHGenwTFQJmNbq_9OJuI89OSmBVrUSlBRk/getUpdates "HTTP/1.1 200 OK"
2026-05-11 16:57:04,911 - httpx - INFO - HTTP Request: POST https://api.telegram.org/bot8545495529:AAHGenwTFQJmNbq_9OJuI89OSmBVrUSlBRk/getUpdates "HTTP/1.1 200 OK"
2026-05-11 16:57:15,085 - httpx - INFO - HTTP Request: POST https://api.telegram.org/bot8545495529:AAHGenwTFQJmNbq_9OJuI89OSmBVrUSlBRk/getUpdates "HTTP/1.1 200 OK"
2026-05-11 16:57:25,261 - httpx - INFO - HTTP Request: POST https://api.telegram.org/bot8545495529:AAHGenwTFQJmNbq_9OJuI89OSmBVrUSlBRk/getUpdates "HTTP/1.1 200 OK"
2026-05-11 16:57:35,434 - httpx - INFO - HTTP Request: POST https://api.telegram.org/bot8545495529:AAHGenwTFQJmNbq_9OJuI89OSmBVrUSlBRk/getUpdates "HTTP/1.1 200 OK"
2026-05-11 16:57:45,610 - httpx - INFO - HTTP Request: POST https://api.telegram.org/bot8545495529:AAHGenwTFQJmNbq_9OJuI89OSmBVrUSlBRk/getUpdates "HTTP/1.1 200 OK"
2026-05-11 16:57:55,788 - httpx - INFO - HTTP Request: POST https://api.telegram.org/bot8545495529:AAHGenwTFQJmNbq_9OJuI89OSmBVrUSlBRk/getUpdates "HTTP/1.1 200 OK"
2026-05-11 16:58:05,969 - httpx - INFO - HTTP Request: POST https://api.telegram.org/bot8545495529:AAHGenwTFQJmNbq_9OJuI89OSmBVrUSlBRk/getUpdates "HTTP/1.1 200 OK"
2026-05-11 16:58:16,145 - httpx - INFO - HTTP Request: POST https://api.telegram.org/bot8545495529:AAHGenwTFQJmNbq_9OJuI89OSmBVrUSlBRk/getUpdates "HTTP/1.1 200 OK"
2026-05-11 16:58:26,324 - httpx - INFO - HTTP Request: POST https://api.telegram.org/bot8545495529:AAHGenwTFQJmNbq_9OJuI89OSmBVrUSlBRk/getUpdates "HTTP/1.1 200 OK"
2026-05-11 16:58:36,500 - httpx - INFO - HTTP Request: POST https://api.telegram.org/bot8545495529:AAHGenwTFQJmNbq_9OJuI89OSmBVrUSlBRk/getUpdates "HTTP/1.1 200 OK"
2026-05-11 16:58:46,677 - httpx - INFO - HTTP Request: POST https://api.telegram.org/bot8545495529:AAHGenwTFQJmNbq_9OJuI89OSmBVrUSlBRk/getUpdates "HTTP/1.1 200 OK"
2026-05-11 16:58:56,854 - httpx - INFO - HTTP Request: POST https://api.telegram.org/bot8545495529:AAHGenwTFQJmNbq_9OJuI89OSmBVrUSlBRk/getUpdates "HTTP/1.1 200 OK"
2026-05-11 16:59:07,031 - httpx - INFO - HTTP Request: POST https://api.telegram.org/bot8545495529:AAHGenwTFQJmNbq_9OJuI89OSmBVrUSlBRk/getUpdates "HTTP/1.1 200 OK"
2026-05-11 16:59:17,206 - httpx - INFO - HTTP Request: POST https://api.telegram.org/bot8545495529:AAHGenwTFQJmNbq_9OJuI89OSmBVrUSlBRk/getUpdates "HTTP/1.1 200 OK"
2026-05-11 16:59:27,385 - httpx - INFO - HTTP Request: POST https://api.telegram.org/bot8545495529:AAHGenwTFQJmNbq_9OJuI89OSmBVrUSlBRk/getUpdates "HTTP/1.1 200 OK"
2026-05-11 16:59:37,565 - httpx - INFO - HTTP Request: POST https://api.telegram.org/bot8545495529:AAHGenwTFQJmNbq_9OJuI89OSmBVrUSlBRk/getUpdates "HTTP/1.1 200 OK"
2026-05-11 16:59:47,740 - httpx - INFO - HTTP Request: POST https://api.telegram.org/bot8545495529:AAHGenwTFQJmNbq_9OJuI89OSmBVrUSlBRk/getUpdates "HTTP/1.1 200 OK"
2026-05-11 16:59:57,917 - httpx - INFO - HTTP Request: POST https://api.telegram.org/bot8545495529:AAHGenwTFQJmNbq_9OJuI89OSmBVrUSlBRk/getUpdates "HTTP/1.1 200 OK"
2026-05-11 17:00:08,094 - httpx - INFO - HTTP Request: POST https://api.telegram.org/bot8545495529:AAHGenwTFQJmNbq_9OJuI89OSmBVrUSlBRk/getUpdates "HTTP/1.1 200 OK"
2026-05-11 17:00:18,270 - httpx - INFO - HTTP Request: POST https://api.telegram.org/bot8545495529:AAHGenwTFQJmNbq_9OJuI89OSmBVrUSlBRk/getUpdates "HTTP/1.1 200 OK"
2026-05-11 17:00:28,445 - httpx - INFO - HTTP Request: POST https://api.telegram.org/bot8545495529:AAHGenwTFQJmNbq_9OJuI89OSmBVrUSlBRk/getUpdates "HTTP/1.1 200 OK"
2026-05-11 17:00:38,621 - httpx - INFO - HTTP Request: POST https://api.telegram.org/bot8545495529:AAHGenwTFQJmNbq_9OJuI89OSmBVrUSlBRk/getUpdates "HTTP/1.1 200 OK"
2026-05-11 17:00:48,798 - httpx - INFO - HTTP Request: POST https://api.telegram.org/bot8545495529:AAHGenwTFQJmNbq_9OJuI89OSmBVrUSlBRk/getUpdates "HTTP/1.1 200 OK"
2026-05-11 17:00:58,976 - httpx - INFO - HTTP Request: POST https://api.telegram.org/bot8545495529:AAHGenwTFQJmNbq_9OJuI89OSmBVrUSlBRk/getUpdates "HTTP/1.1 200 OK"
2026-05-11 17:01:09,152 - httpx - INFO - HTTP Request: POST https://api.telegram.org/bot8545495529:AAHGenwTFQJmNbq_9OJuI89OSmBVrUSlBRk/getUpdates "HTTP/1.1 200 OK"
2026-05-11 17:01:19,327 - httpx - INFO - HTTP Request: POST https://api.telegram.org/bot8545495529:AAHGenwTFQJmNbq_9OJuI89OSmBVrUSlBRk/getUpdates "HTTP/1.1 200 OK"
2026-05-11 17:01:29,512 - httpx - INFO - HTTP Request: POST https://api.telegram.org/bot8545495529:AAHGenwTFQJmNbq_9OJuI89OSmBVrUSlBRk/getUpdates "HTTP/1.1 200 OK"
2026-05-11 17:01:39,697 - httpx - INFO - HTTP Request: POST https://api.telegram.org/bot8545495529:AAHGenwTFQJmNbq_9OJuI89OSmBVrUSlBRk/getUpdates "HTTP/1.1 200 OK"
2026-05-11 17:01:49,875 - httpx - INFO - HTTP Request: POST https://api.telegram.org/bot8545495529:AAHGenwTFQJmNbq_9OJuI89OSmBVrUSlBRk/getUpdates "HTTP/1.1 200 OK"
2026-05-11 17:02:00,052 - httpx - INFO - HTTP Request: POST https://api.telegram.org/bot8545495529:AAHGenwTFQJmNbq_9OJuI89OSmBVrUSlBRk/getUpdates "HTTP/1.1 200 OK"
2026-05-11 17:02:10,227 - httpx - INFO - HTTP Request: POST https://api.telegram.org/bot8545495529:AAHGenwTFQJmNbq_9OJuI89OSmBVrUSlBRk/getUpdates "HTTP/1.1 200 OK"
2026-05-11 17:02:20,403 - httpx - INFO - HTTP Request: POST https://api.telegram.org/bot8545495529:AAHGenwTFQJmNbq_9OJuI89OSmBVrUSlBRk/getUpdates "HTTP/1.1 200 OK"
2026-05-11 17:02:30,579 - httpx - INFO - HTTP Request: POST https://api.telegram.org/bot8545495529:AAHGenwTFQJmNbq_9OJuI89OSmBVrUSlBRk/getUpdates "HTTP/1.1 200 OK"
2026-05-11 17:02:40,756 - httpx - INFO - HTTP Request: POST https://api.telegram.org/bot8545495529:AAHGenwTFQJmNbq_9OJuI89OSmBVrUSlBRk/getUpdates "HTTP/1.1 200 OK"
2026-05-11 17:02:50,933 - httpx - INFO - HTTP Request: POST https://api.telegram.org/bot8545495529:AAHGenwTFQJmNbq_9OJuI89OSmBVrUSlBRk/getUpdates "HTTP/1.1 200 OK"
2026-05-11 17:03:01,111 - httpx - INFO - HTTP Request: POST https://api.telegram.org/bot8545495529:AAHGenwTFQJmNbq_9OJuI89OSmBVrUSlBRk/getUpdates "HTTP/1.1 200 OK"
2026-05-11 17:03:11,287 - httpx - INFO - HTTP Request: POST https://api.telegram.org/bot8545495529:AAHGenwTFQJmNbq_9OJuI89OSmBVrUSlBRk/getUpdates "HTTP/1.1 200 OK"
2026-05-11 17:03:21,464 - httpx - INFO - HTTP Request: POST https://api.telegram.org/bot8545495529:AAHGenwTFQJmNbq_9OJuI89OSmBVrUSlBRk/getUpdates "HTTP/1.1 200 OK"
2026-05-11 17:03:31,640 - httpx - INFO - HTTP Request: POST https://api.telegram.org/bot8545495529:AAHGenwTFQJmNbq_9OJuI89OSmBVrUSlBRk/getUpdates "HTTP/1.1 200 OK"
2026-05-11 17:03:41,813 - httpx - INFO - HTTP Request: POST https://api.telegram.org/bot8545495529:AAHGenwTFQJmNbq_9OJuI89OSmBVrUSlBRk/getUpdates "HTTP/1.1 200 OK"
2026-05-11 17:03:51,988 - httpx - INFO - HTTP Request: POST https://api.telegram.org/bot8545495529:AAHGenwTFQJmNbq_9OJuI89OSmBVrUSlBRk/getUpdates "HTTP/1.1 200 OK"
2026-05-11 17:04:02,169 - httpx - INFO - HTTP Request: POST https://api.telegram.org/bot8545495529:AAHGenwTFQJmNbq_9OJuI89OSmBVrUSlBRk/getUpdates "HTTP/1.1 200 OK"
2026-05-11 17:04:12,345 - httpx - INFO - HTTP Request: POST https://api.telegram.org/bot8545495529:AAHGenwTFQJmNbq_9OJuI89OSmBVrUSlBRk/getUpdates "HTTP/1.1 200 OK"
2026-05-11 17:04:22,519 - httpx - INFO - HTTP Request: POST https://api.telegram.org/bot8545495529:AAHGenwTFQJmNbq_9OJuI89OSmBVrUSlBRk/getUpdates "HTTP/1.1 200 OK"
2026-05-11 17:04:32,698 - httpx - INFO - HTTP Request: POST https://api.telegram.org/bot8545495529:AAHGenwTFQJmNbq_9OJuI89OSmBVrUSlBRk/getUpdates "HTTP/1.1 200 OK"
2026-05-11 17:04:42,881 - httpx - INFO - HTTP Request: POST https://api.telegram.org/bot8545495529:AAHGenwTFQJmNbq_9OJuI89OSmBVrUSlBRk/getUpdates "HTTP/1.1 200 OK"
2026-05-11 17:04:53,055 - httpx - INFO - HTTP Request: POST https://api.telegram.org/bot8545495529:AAHGenwTFQJmNbq_9OJuI89OSmBVrUSlBRk/getUpdates "HTTP/1.1 200 OK"
2026-05-11 17:04:55,019 - httpx - INFO - HTTP Request: POST https://api.telegram.org/bot8545495529:AAHGenwTFQJmNbq_9OJuI89OSmBVrUSlBRk/getUpdates "HTTP/1.1 200 OK"
2026-05-11 17:04:55,807 - httpx - INFO - HTTP Request: POST https://api.telegram.org/bot8545495529:AAHGenwTFQJmNbq_9OJuI89OSmBVrUSlBRk/sendMessage "HTTP/1.1 200 OK"
2026-05-11 17:05:05,278 - httpx - INFO - HTTP Request: POST https://api.telegram.org/bot8545495529:AAHGenwTFQJmNbq_9OJuI89OSmBVrUSlBRk/getUpdates "HTTP/1.1 200 OK"
2026-05-11 17:05:15,455 - httpx - INFO - HTTP Request: POST https://api.telegram.org/bot8545495529:AAHGenwTFQJmNbq_9OJuI89OSmBVrUSlBRk/getUpdates "HTTP/1.1 200 OK"
2026-05-11 17:05:25,630 - httpx - INFO - HTTP Request: POST https://api.telegram.org/bot8545495529:AAHGenwTFQJmNbq_9OJuI89OSmBVrUSlBRk/getUpdates "HTTP/1.1 200 OK"
2026-05-11 17:05:35,805 - httpx - INFO - HTTP Request: POST https://api.telegram.org/bot8545495529:AAHGenwTFQJmNbq_9OJuI89OSmBVrUSlBRk/getUpdates "HTTP/1.1 200 OK"
2026-05-11 17:05:40,357 - httpx - INFO - HTTP Request: POST https://api.telegram.org/bot8545495529:AAHGenwTFQJmNbq_9OJuI89OSmBVrUSlBRk/deleteMessage "HTTP/1.1 200 OK"
2026-05-11 17:05:40,673 - httpx - INFO - HTTP Request: POST https://api.telegram.org/bot8545495529:AAHGenwTFQJmNbq_9OJuI89OSmBVrUSlBRk/sendMessage "HTTP/1.1 200 OK"
2026-05-11 17:05:43,278 - httpx - INFO - HTTP Request: POST https://api.telegram.org/bot8545495529:AAHGenwTFQJmNbq_9OJuI89OSmBVrUSlBRk/sendDocument "HTTP/1.1 200 OK"
2026-05-11 17:05:44,275 - httpx - INFO - HTTP Request: POST https://api.telegram.org/bot8545495529:AAHGenwTFQJmNbq_9OJuI89OSmBVrUSlBRk/sendDocument "HTTP/1.1 200 OK"
2026-05-11 17:05:44,275 - asyncio - ERROR - Unclosed client session
client_session: <aiohttp.client.ClientSession object at 0x000002ACB14FE210>
2026-05-11 17:05:44,276 - asyncio - ERROR - Unclosed connector
connections: ['deque([(<aiohttp.client_proto.ResponseHandler object at 0x000002ACB14A7770>, 624323.765)])']
connector: <aiohttp.connector.TCPConnector object at 0x000002ACB1528560>
2026-05-11 17:05:45,979 - httpx - INFO - HTTP Request: POST https://api.telegram.org/bot8545495529:AAHGenwTFQJmNbq_9OJuI89OSmBVrUSlBRk/getUpdates "HTTP/1.1 200 OK"
2026-05-11 17:05:56,165 - httpx - INFO - HTTP Request: POST https://api.telegram.org/bot8545495529:AAHGenwTFQJmNbq_9OJuI89OSmBVrUSlBRk/getUpdates "HTTP/1.1 200 OK"
2026-05-11 17:06:06,340 - httpx - INFO - HTTP Request: POST https://api.telegram.org/bot8545495529:AAHGenwTFQJmNbq_9OJuI89OSmBVrUSlBRk/getUpdates "HTTP/1.1 200 OK"
2026-05-11 17:06:16,512 - httpx - INFO - HTTP Request: POST https://api.telegram.org/bot8545495529:AAHGenwTFQJmNbq_9OJuI89OSmBVrUSlBRk/getUpdates "HTTP/1.1 200 OK"
2026-05-11 17:06:26,687 - httpx - INFO - HTTP Request: POST https://api.telegram.org/bot8545495529:AAHGenwTFQJmNbq_9OJuI89OSmBVrUSlBRk/getUpdates "HTTP/1.1 200 OK"
2026-05-11 17:06:36,863 - httpx - INFO - HTTP Request: POST https://api.telegram.org/bot8545495529:AAHGenwTFQJmNbq_9OJuI89OSmBVrUSlBRk/getUpdates "HTTP/1.1 200 OK"
2026-05-11 17:06:47,045 - httpx - INFO - HTTP Request: POST https://api.telegram.org/bot8545495529:AAHGenwTFQJmNbq_9OJuI89OSmBVrUSlBRk/getUpdates "HTTP/1.1 200 OK"
2026-05-11 17:06:57,220 - httpx - INFO - HTTP Request: POST https://api.telegram.org/bot8545495529:AAHGenwTFQJmNbq_9OJuI89OSmBVrUSlBRk/getUpdates "HTTP/1.1 200 OK"
2026-05-11 17:07:07,397 - httpx - INFO - HTTP Request: POST https://api.telegram.org/bot8545495529:AAHGenwTFQJmNbq_9OJuI89OSmBVrUSlBRk/getUpdates "HTTP/1.1 200 OK"
2026-05-11 17:07:17,574 - httpx - INFO - HTTP Request: POST https://api.telegram.org/bot8545495529:AAHGenwTFQJmNbq_9OJuI89OSmBVrUSlBRk/getUpdates "HTTP/1.1 200 OK"
2026-05-11 17:07:27,752 - httpx - INFO - HTTP Request: POST https://api.telegram.org/bot8545495529:AAHGenwTFQJmNbq_9OJuI89OSmBVrUSlBRk/getUpdates "HTTP/1.1 200 OK"
2026-05-11 17:07:38,300 - httpx - INFO - HTTP Request: POST https://api.telegram.org/bot8545495529:AAHGenwTFQJmNbq_9OJuI89OSmBVrUSlBRk/getUpdates "HTTP/1.1 200 OK"
2026-05-11 17:07:48,481 - httpx - INFO - HTTP Request: POST https://api.telegram.org/bot8545495529:AAHGenwTFQJmNbq_9OJuI89OSmBVrUSlBRk/getUpdates "HTTP/1.1 200 OK"
2026-05-11 17:07:58,657 - httpx - INFO - HTTP Request: POST https://api.telegram.org/bot8545495529:AAHGenwTFQJmNbq_9OJuI89OSmBVrUSlBRk/getUpdates "HTTP/1.1 200 OK"
2026-05-11 17:08:08,835 - httpx - INFO - HTTP Request: POST https://api.telegram.org/bot8545495529:AAHGenwTFQJmNbq_9OJuI89OSmBVrUSlBRk/getUpdates "HTTP/1.1 200 OK"
2026-05-11 17:08:19,012 - httpx - INFO - HTTP Request: POST https://api.telegram.org/bot8545495529:AAHGenwTFQJmNbq_9OJuI89OSmBVrUSlBRk/getUpdates "HTTP/1.1 200 OK"
2026-05-11 17:08:29,190 - httpx - INFO - HTTP Request: POST https://api.telegram.org/bot8545495529:AAHGenwTFQJmNbq_9OJuI89OSmBVrUSlBRk/getUpdates "HTTP/1.1 200 OK"
2026-05-11 17:08:39,368 - httpx - INFO - HTTP Request: POST https://api.telegram.org/bot8545495529:AAHGenwTFQJmNbq_9OJuI89OSmBVrUSlBRk/getUpdates "HTTP/1.1 200 OK"
2026-05-11 17:08:49,547 - httpx - INFO - HTTP Request: POST https://api.telegram.org/bot8545495529:AAHGenwTFQJmNbq_9OJuI89OSmBVrUSlBRk/getUpdates "HTTP/1.1 200 OK"
2026-05-11 17:08:59,726 - httpx - INFO - HTTP Request: POST https://api.telegram.org/bot8545495529:AAHGenwTFQJmNbq_9OJuI89OSmBVrUSlBRk/getUpdates "HTTP/1.1 200 OK"
2026-05-11 17:09:09,906 - httpx - INFO - HTTP Request: POST https://api.telegram.org/bot8545495529:AAHGenwTFQJmNbq_9OJuI89OSmBVrUSlBRk/getUpdates "HTTP/1.1 200 OK"
2026-05-11 17:09:20,084 - httpx - INFO - HTTP Request: POST https://api.telegram.org/bot8545495529:AAHGenwTFQJmNbq_9OJuI89OSmBVrUSlBRk/getUpdates "HTTP/1.1 200 OK"
2026-05-11 17:09:30,261 - httpx - INFO - HTTP Request: POST https://api.telegram.org/bot8545495529:AAHGenwTFQJmNbq_9OJuI89OSmBVrUSlBRk/getUpdates "HTTP/1.1 200 OK"
2026-05-11 17:09:40,443 - httpx - INFO - HTTP Request: POST https://api.telegram.org/bot8545495529:AAHGenwTFQJmNbq_9OJuI89OSmBVrUSlBRk/getUpdates "HTTP/1.1 200 OK"
2026-05-11 17:09:50,622 - httpx - INFO - HTTP Request: POST https://api.telegram.org/bot8545495529:AAHGenwTFQJmNbq_9OJuI89OSmBVrUSlBRk/getUpdates "HTTP/1.1 200 OK"
2026-05-11 17:10:00,799 - httpx - INFO - HTTP Request: POST https://api.telegram.org/bot8545495529:AAHGenwTFQJmNbq_9OJuI89OSmBVrUSlBRk/getUpdates "HTTP/1.1 200 OK"
2026-05-11 17:10:10,980 - httpx - INFO - HTTP Request: POST https://api.telegram.org/bot8545495529:AAHGenwTFQJmNbq_9OJuI89OSmBVrUSlBRk/getUpdates "HTTP/1.1 200 OK"
2026-05-11 17:10:21,159 - httpx - INFO - HTTP Request: POST https://api.telegram.org/bot8545495529:AAHGenwTFQJmNbq_9OJuI89OSmBVrUSlBRk/getUpdates "HTTP/1.1 200 OK"
2026-05-11 17:10:31,340 - httpx - INFO - HTTP Request: POST https://api.telegram.org/bot8545495529:AAHGenwTFQJmNbq_9OJuI89OSmBVrUSlBRk/getUpdates "HTTP/1.1 200 OK"
2026-05-11 17:10:41,517 - httpx - INFO - HTTP Request: POST https://api.telegram.org/bot8545495529:AAHGenwTFQJmNbq_9OJuI89OSmBVrUSlBRk/getUpdates "HTTP/1.1 200 OK"
2026-05-11 17:10:51,694 - httpx - INFO - HTTP Request: POST https://api.telegram.org/bot8545495529:AAHGenwTFQJmNbq_9OJuI89OSmBVrUSlBRk/getUpdates "HTTP/1.1 200 OK"
2026-05-11 17:11:01,871 - httpx - INFO - HTTP Request: POST https://api.telegram.org/bot8545495529:AAHGenwTFQJmNbq_9OJuI89OSmBVrUSlBRk/getUpdates "HTTP/1.1 200 OK"
2026-05-11 17:11:12,049 - httpx - INFO - HTTP Request: POST https://api.telegram.org/bot8545495529:AAHGenwTFQJmNbq_9OJuI89OSmBVrUSlBRk/getUpdates "HTTP/1.1 200 OK"
2026-05-11 17:11:22,227 - httpx - INFO - HTTP Request: POST https://api.telegram.org/bot8545495529:AAHGenwTFQJmNbq_9OJuI89OSmBVrUSlBRk/getUpdates "HTTP/1.1 200 OK"
2026-05-11 17:11:32,406 - httpx - INFO - HTTP Request: POST https://api.telegram.org/bot8545495529:AAHGenwTFQJmNbq_9OJuI89OSmBVrUSlBRk/getUpdates "HTTP/1.1 200 OK"
2026-05-11 17:11:42,584 - httpx - INFO - HTTP Request: POST https://api.telegram.org/bot8545495529:AAHGenwTFQJmNbq_9OJuI89OSmBVrUSlBRk/getUpdates "HTTP/1.1 200 OK"
2026-05-11 17:11:52,762 - httpx - INFO - HTTP Request: POST https://api.telegram.org/bot8545495529:AAHGenwTFQJmNbq_9OJuI89OSmBVrUSlBRk/getUpdates "HTTP/1.1 200 OK"
2026-05-11 17:12:02,938 - httpx - INFO - HTTP Request: POST https://api.telegram.org/bot8545495529:AAHGenwTFQJmNbq_9OJuI89OSmBVrUSlBRk/getUpdates "HTTP/1.1 200 OK"
2026-05-11 17:12:13,115 - httpx - INFO - HTTP Request: POST https://api.telegram.org/bot8545495529:AAHGenwTFQJmNbq_9OJuI89OSmBVrUSlBRk/getUpdates "HTTP/1.1 200 OK"
2026-05-11 17:12:23,293 - httpx - INFO - HTTP Request: POST https://api.telegram.org/bot8545495529:AAHGenwTFQJmNbq_9OJuI89OSmBVrUSlBRk/getUpdates "HTTP/1.1 200 OK"
2026-05-11 17:12:33,472 - httpx - INFO - HTTP Request: POST https://api.telegram.org/bot8545495529:AAHGenwTFQJmNbq_9OJuI89OSmBVrUSlBRk/getUpdates "HTTP/1.1 200 OK"
2026-05-11 17:12:43,654 - httpx - INFO - HTTP Request: POST https://api.telegram.org/bot8545495529:AAHGenwTFQJmNbq_9OJuI89OSmBVrUSlBRk/getUpdates "HTTP/1.1 200 OK"
2026-05-11 17:12:53,831 - httpx - INFO - HTTP Request: POST https://api.telegram.org/bot8545495529:AAHGenwTFQJmNbq_9OJuI89OSmBVrUSlBRk/getUpdates "HTTP/1.1 200 OK"
2026-05-11 17:13:04,009 - httpx - INFO - HTTP Request: POST https://api.telegram.org/bot8545495529:AAHGenwTFQJmNbq_9OJuI89OSmBVrUSlBRk/getUpdates "HTTP/1.1 200 OK"
2026-05-11 17:13:14,186 - httpx - INFO - HTTP Request: POST https://api.telegram.org/bot8545495529:AAHGenwTFQJmNbq_9OJuI89OSmBVrUSlBRk/getUpdates "HTTP/1.1 200 OK"
2026-05-11 17:13:24,367 - httpx - INFO - HTTP Request: POST https://api.telegram.org/bot8545495529:AAHGenwTFQJmNbq_9OJuI89OSmBVrUSlBRk/getUpdates "HTTP/1.1 200 OK"
2026-05-11 17:13:34,546 - httpx - INFO - HTTP Request: POST https://api.telegram.org/bot8545495529:AAHGenwTFQJmNbq_9OJuI89OSmBVrUSlBRk/getUpdates "HTTP/1.1 200 OK"
2026-05-11 17:13:44,721 - httpx - INFO - HTTP Request: POST https://api.telegram.org/bot8545495529:AAHGenwTFQJmNbq_9OJuI89OSmBVrUSlBRk/getUpdates "HTTP/1.1 200 OK"
2026-05-11 17:13:54,899 - httpx - INFO - HTTP Request: POST https://api.telegram.org/bot8545495529:AAHGenwTFQJmNbq_9OJuI89OSmBVrUSlBRk/getUpdates "HTTP/1.1 200 OK"
2026-05-11 17:14:05,075 - httpx - INFO - HTTP Request: POST https://api.telegram.org/bot8545495529:AAHGenwTFQJmNbq_9OJuI89OSmBVrUSlBRk/getUpdates "HTTP/1.1 200 OK"
2026-05-11 17:14:15,253 - httpx - INFO - HTTP Request: POST https://api.telegram.org/bot8545495529:AAHGenwTFQJmNbq_9OJuI89OSmBVrUSlBRk/getUpdates "HTTP/1.1 200 OK"
2026-05-11 17:14:25,429 - httpx - INFO - HTTP Request: POST https://api.telegram.org/bot8545495529:AAHGenwTFQJmNbq_9OJuI89OSmBVrUSlBRk/getUpdates "HTTP/1.1 200 OK"
2026-05-11 17:14:35,605 - httpx - INFO - HTTP Request: POST https://api.telegram.org/bot8545495529:AAHGenwTFQJmNbq_9OJuI89OSmBVrUSlBRk/getUpdates "HTTP/1.1 200 OK"
2026-05-11 17:14:45,782 - httpx - INFO - HTTP Request: POST https://api.telegram.org/bot8545495529:AAHGenwTFQJmNbq_9OJuI89OSmBVrUSlBRk/getUpdates "HTTP/1.1 200 OK"
2026-05-11 17:14:55,958 - httpx - INFO - HTTP Request: POST https://api.telegram.org/bot8545495529:AAHGenwTFQJmNbq_9OJuI89OSmBVrUSlBRk/getUpdates "HTTP/1.1 200 OK"
2026-05-11 17:15:06,134 - httpx - INFO - HTTP Request: POST https://api.telegram.org/bot8545495529:AAHGenwTFQJmNbq_9OJuI89OSmBVrUSlBRk/getUpdates "HTTP/1.1 200 OK"
2026-05-11 17:15:16,312 - httpx - INFO - HTTP Request: POST https://api.telegram.org/bot8545495529:AAHGenwTFQJmNbq_9OJuI89OSmBVrUSlBRk/getUpdates "HTTP/1.1 200 OK"
2026-05-11 17:15:26,489 - httpx - INFO - HTTP Request: POST https://api.telegram.org/bot8545495529:AAHGenwTFQJmNbq_9OJuI89OSmBVrUSlBRk/getUpdates "HTTP/1.1 200 OK"
2026-05-11 17:15:36,668 - httpx - INFO - HTTP Request: POST https://api.telegram.org/bot8545495529:AAHGenwTFQJmNbq_9OJuI89OSmBVrUSlBRk/getUpdates "HTTP/1.1 200 OK"
2026-05-11 17:15:46,848 - httpx - INFO - HTTP Request: POST https://api.telegram.org/bot8545495529:AAHGenwTFQJmNbq_9OJuI89OSmBVrUSlBRk/getUpdates "HTTP/1.1 200 OK"
2026-05-11 17:15:57,028 - httpx - INFO - HTTP Request: POST https://api.telegram.org/bot8545495529:AAHGenwTFQJmNbq_9OJuI89OSmBVrUSlBRk/getUpdates "HTTP/1.1 200 OK"
2026-05-11 17:16:07,206 - httpx - INFO - HTTP Request: POST https://api.telegram.org/bot8545495529:AAHGenwTFQJmNbq_9OJuI89OSmBVrUSlBRk/getUpdates "HTTP/1.1 200 OK"
2026-05-11 17:16:17,383 - httpx - INFO - HTTP Request: POST https://api.telegram.org/bot8545495529:AAHGenwTFQJmNbq_9OJuI89OSmBVrUSlBRk/getUpdates "HTTP/1.1 200 OK"
2026-05-11 17:16:27,561 - httpx - INFO - HTTP Request: POST https://api.telegram.org/bot8545495529:AAHGenwTFQJmNbq_9OJuI89OSmBVrUSlBRk/getUpdates "HTTP/1.1 200 OK"
2026-05-11 17:16:37,740 - httpx - INFO - HTTP Request: POST https://api.telegram.org/bot8545495529:AAHGenwTFQJmNbq_9OJuI89OSmBVrUSlBRk/getUpdates "HTTP/1.1 200 OK"
2026-05-11 17:16:47,917 - httpx - INFO - HTTP Request: POST https://api.telegram.org/bot8545495529:AAHGenwTFQJmNbq_9OJuI89OSmBVrUSlBRk/getUpdates "HTTP/1.1 200 OK"
2026-05-11 17:16:58,095 - httpx - INFO - HTTP Request: POST https://api.telegram.org/bot8545495529:AAHGenwTFQJmNbq_9OJuI89OSmBVrUSlBRk/getUpdates "HTTP/1.1 200 OK"
2026-05-11 17:17:08,272 - httpx - INFO - HTTP Request: POST https://api.telegram.org/bot8545495529:AAHGenwTFQJmNbq_9OJuI89OSmBVrUSlBRk/getUpdates "HTTP/1.1 200 OK"
2026-05-11 17:17:18,449 - httpx - INFO - HTTP Request: POST https://api.telegram.org/bot8545495529:AAHGenwTFQJmNbq_9OJuI89OSmBVrUSlBRk/getUpdates "HTTP/1.1 200 OK"
2026-05-11 17:17:28,626 - httpx - INFO - HTTP Request: POST https://api.telegram.org/bot8545495529:AAHGenwTFQJmNbq_9OJuI89OSmBVrUSlBRk/getUpdates "HTTP/1.1 200 OK"
2026-05-11 17:17:38,802 - httpx - INFO - HTTP Request: POST https://api.telegram.org/bot8545495529:AAHGenwTFQJmNbq_9OJuI89OSmBVrUSlBRk/getUpdates "HTTP/1.1 200 OK"
2026-05-11 17:17:48,980 - httpx - INFO - HTTP Request: POST https://api.telegram.org/bot8545495529:AAHGenwTFQJmNbq_9OJuI89OSmBVrUSlBRk/getUpdates "HTTP/1.1 200 OK"
2026-05-11 17:17:59,157 - httpx - INFO - HTTP Request: POST https://api.telegram.org/bot8545495529:AAHGenwTFQJmNbq_9OJuI89OSmBVrUSlBRk/getUpdates "HTTP/1.1 200 OK"
2026-05-11 17:18:09,335 - httpx - INFO - HTTP Request: POST https://api.telegram.org/bot8545495529:AAHGenwTFQJmNbq_9OJuI89OSmBVrUSlBRk/getUpdates "HTTP/1.1 200 OK"
2026-05-11 17:18:19,513 - httpx - INFO - HTTP Request: POST https://api.telegram.org/bot8545495529:AAHGenwTFQJmNbq_9OJuI89OSmBVrUSlBRk/getUpdates "HTTP/1.1 200 OK"
2026-05-11 17:18:29,690 - httpx - INFO - HTTP Request: POST https://api.telegram.org/bot8545495529:AAHGenwTFQJmNbq_9OJuI89OSmBVrUSlBRk/getUpdates "HTTP/1.1 200 OK"
2026-05-11 17:18:39,866 - httpx - INFO - HTTP Request: POST https://api.telegram.org/bot8545495529:AAHGenwTFQJmNbq_9OJuI89OSmBVrUSlBRk/getUpdates "HTTP/1.1 200 OK"
2026-05-11 17:18:50,043 - httpx - INFO - HTTP Request: POST https://api.telegram.org/bot8545495529:AAHGenwTFQJmNbq_9OJuI89OSmBVrUSlBRk/getUpdates "HTTP/1.1 200 OK"
2026-05-11 17:19:00,221 - httpx - INFO - HTTP Request: POST https://api.telegram.org/bot8545495529:AAHGenwTFQJmNbq_9OJuI89OSmBVrUSlBRk/getUpdates "HTTP/1.1 200 OK"
2026-05-11 17:19:10,400 - httpx - INFO - HTTP Request: POST https://api.telegram.org/bot8545495529:AAHGenwTFQJmNbq_9OJuI89OSmBVrUSlBRk/getUpdates "HTTP/1.1 200 OK"
2026-05-11 17:19:20,578 - httpx - INFO - HTTP Request: POST https://api.telegram.org/bot8545495529:AAHGenwTFQJmNbq_9OJuI89OSmBVrUSlBRk/getUpdates "HTTP/1.1 200 OK"
2026-05-11 17:19:30,756 - httpx - INFO - HTTP Request: POST https://api.telegram.org/bot8545495529:AAHGenwTFQJmNbq_9OJuI89OSmBVrUSlBRk/getUpdates "HTTP/1.1 200 OK"
2026-05-11 17:19:40,933 - httpx - INFO - HTTP Request: POST https://api.telegram.org/bot8545495529:AAHGenwTFQJmNbq_9OJuI89OSmBVrUSlBRk/getUpdates "HTTP/1.1 200 OK"
2026-05-11 17:19:51,109 - httpx - INFO - HTTP Request: POST https://api.telegram.org/bot8545495529:AAHGenwTFQJmNbq_9OJuI89OSmBVrUSlBRk/getUpdates "HTTP/1.1 200 OK"
2026-05-11 17:20:01,287 - httpx - INFO - HTTP Request: POST https://api.telegram.org/bot8545495529:AAHGenwTFQJmNbq_9OJuI89OSmBVrUSlBRk/getUpdates "HTTP/1.1 200 OK"
2026-05-11 17:20:11,464 - httpx - INFO - HTTP Request: POST https://api.telegram.org/bot8545495529:AAHGenwTFQJmNbq_9OJuI89OSmBVrUSlBRk/getUpdates "HTTP/1.1 200 OK"
2026-05-11 17:20:21,640 - httpx - INFO - HTTP Request: POST https://api.telegram.org/bot8545495529:AAHGenwTFQJmNbq_9OJuI89OSmBVrUSlBRk/getUpdates "HTTP/1.1 200 OK"
2026-05-11 17:20:26,567 - httpx - INFO - HTTP Request: POST https://api.telegram.org/bot8545495529:AAHGenwTFQJmNbq_9OJuI89OSmBVrUSlBRk/getUpdates "HTTP/1.1 200 OK"
2026-05-11 17:20:27,328 - httpx - INFO - HTTP Request: POST https://api.telegram.org/bot8545495529:AAHGenwTFQJmNbq_9OJuI89OSmBVrUSlBRk/sendMessage "HTTP/1.1 200 OK"
2026-05-11 17:20:36,805 - httpx - INFO - HTTP Request: POST https://api.telegram.org/bot8545495529:AAHGenwTFQJmNbq_9OJuI89OSmBVrUSlBRk/getUpdates "HTTP/1.1 200 OK"
2026-05-11 17:20:46,983 - httpx - INFO - HTTP Request: POST https://api.telegram.org/bot8545495529:AAHGenwTFQJmNbq_9OJuI89OSmBVrUSlBRk/getUpdates "HTTP/1.1 200 OK"
2026-05-11 17:20:56,393 - httpx - INFO - HTTP Request: POST https://api.telegram.org/bot8545495529:AAHGenwTFQJmNbq_9OJuI89OSmBVrUSlBRk/deleteMessage "HTTP/1.1 200 OK"
2026-05-11 17:20:56,720 - httpx - INFO - HTTP Request: POST https://api.telegram.org/bot8545495529:AAHGenwTFQJmNbq_9OJuI89OSmBVrUSlBRk/sendMessage "HTTP/1.1 200 OK"
2026-05-11 17:20:57,160 - httpx - INFO - HTTP Request: POST https://api.telegram.org/bot8545495529:AAHGenwTFQJmNbq_9OJuI89OSmBVrUSlBRk/getUpdates "HTTP/1.1 200 OK"
2026-05-11 17:20:59,562 - httpx - INFO - HTTP Request: POST https://api.telegram.org/bot8545495529:AAHGenwTFQJmNbq_9OJuI89OSmBVrUSlBRk/sendDocument "HTTP/1.1 200 OK"
2026-05-11 17:20:59,563 - asyncio - ERROR - Unclosed client session
client_session: <aiohttp.client.ClientSession object at 0x000002ACB14E0A40>
2026-05-11 17:20:59,564 - asyncio - ERROR - Unclosed connector
connections: ['deque([(<aiohttp.client_proto.ResponseHandler object at 0x000002ACB14A7E90>, 625239.828)])']
connector: <aiohttp.connector.TCPConnector object at 0x000002ACB14E3590>
2026-05-11 17:21:07,336 - httpx - INFO - HTTP Request: POST https://api.telegram.org/bot8545495529:AAHGenwTFQJmNbq_9OJuI89OSmBVrUSlBRk/getUpdates "HTTP/1.1 200 OK"
2026-05-11 17:21:17,512 - httpx - INFO - HTTP Request: POST https://api.telegram.org/bot8545495529:AAHGenwTFQJmNbq_9OJuI89OSmBVrUSlBRk/getUpdates "HTTP/1.1 200 OK"
2026-05-11 17:21:27,690 - httpx - INFO - HTTP Request: POST https://api.telegram.org/bot8545495529:AAHGenwTFQJmNbq_9OJuI89OSmBVrUSlBRk/getUpdates "HTTP/1.1 200 OK"
2026-05-11 17:21:37,868 - httpx - INFO - HTTP Request: POST https://api.telegram.org/bot8545495529:AAHGenwTFQJmNbq_9OJuI89OSmBVrUSlBRk/getUpdates "HTTP/1.1 200 OK"
2026-05-11 17:21:48,047 - httpx - INFO - HTTP Request: POST https://api.telegram.org/bot8545495529:AAHGenwTFQJmNbq_9OJuI89OSmBVrUSlBRk/getUpdates "HTTP/1.1 200 OK"
2026-05-11 17:21:58,224 - httpx - INFO - HTTP Request: POST https://api.telegram.org/bot8545495529:AAHGenwTFQJmNbq_9OJuI89OSmBVrUSlBRk/getUpdates "HTTP/1.1 200 OK"
2026-05-11 17:22:08,402 - httpx - INFO - HTTP Request: POST https://api.telegram.org/bot8545495529:AAHGenwTFQJmNbq_9OJuI89OSmBVrUSlBRk/getUpdates "HTTP/1.1 200 OK"
2026-05-11 17:22:18,579 - httpx - INFO - HTTP Request: POST https://api.telegram.org/bot8545495529:AAHGenwTFQJmNbq_9OJuI89OSmBVrUSlBRk/getUpdates "HTTP/1.1 200 OK"
2026-05-11 17:22:18,755 - httpx - INFO - HTTP Request: POST https://api.telegram.org/bot8545495529:AAHGenwTFQJmNbq_9OJuI89OSmBVrUSlBRk/getUpdates "HTTP/1.1 200 OK"
2026-05-11 17:22:19,514 - httpx - INFO - HTTP Request: POST https://api.telegram.org/bot8545495529:AAHGenwTFQJmNbq_9OJuI89OSmBVrUSlBRk/sendMessage "HTTP/1.1 200 OK"
2026-05-11 17:22:28,985 - httpx - INFO - HTTP Request: POST https://api.telegram.org/bot8545495529:AAHGenwTFQJmNbq_9OJuI89OSmBVrUSlBRk/getUpdates "HTTP/1.1 200 OK"
2026-05-11 17:22:39,162 - httpx - INFO - HTTP Request: POST https://api.telegram.org/bot8545495529:AAHGenwTFQJmNbq_9OJuI89OSmBVrUSlBRk/getUpdates "HTTP/1.1 200 OK"
2026-05-11 17:22:48,575 - httpx - INFO - HTTP Request: POST https://api.telegram.org/bot8545495529:AAHGenwTFQJmNbq_9OJuI89OSmBVrUSlBRk/deleteMessage "HTTP/1.1 200 OK"
2026-05-11 17:22:48,892 - httpx - INFO - HTTP Request: POST https://api.telegram.org/bot8545495529:AAHGenwTFQJmNbq_9OJuI89OSmBVrUSlBRk/sendMessage "HTTP/1.1 200 OK"
2026-05-11 17:22:49,340 - httpx - INFO - HTTP Request: POST https://api.telegram.org/bot8545495529:AAHGenwTFQJmNbq_9OJuI89OSmBVrUSlBRk/getUpdates "HTTP/1.1 200 OK"
2026-05-11 17:22:50,406 - httpx - INFO - HTTP Request: POST https://api.telegram.org/bot8545495529:AAHGenwTFQJmNbq_9OJuI89OSmBVrUSlBRk/sendDocument "HTTP/1.1 200 OK"
2026-05-11 17:22:50,406 - asyncio - ERROR - Unclosed client session
client_session: <aiohttp.client.ClientSession object at 0x000002ACB151F950>
2026-05-11 17:22:50,408 - asyncio - ERROR - Unclosed connector
connections: ['deque([(<aiohttp.client_proto.ResponseHandler object at 0x000002ACB14A76B0>, 625352.046)])']
connector: <aiohttp.connector.TCPConnector object at 0x000002ACB151E540>
2026-05-11 17:22:59,518 - httpx - INFO - HTTP Request: POST https://api.telegram.org/bot8545495529:AAHGenwTFQJmNbq_9OJuI89OSmBVrUSlBRk/getUpdates "HTTP/1.1 200 OK"
2026-05-11 17:23:09,695 - httpx - INFO - HTTP Request: POST https://api.telegram.org/bot8545495529:AAHGenwTFQJmNbq_9OJuI89OSmBVrUSlBRk/getUpdates "HTTP/1.1 200 OK"
2026-05-11 17:23:19,871 - httpx - INFO - HTTP Request: POST https://api.telegram.org/bot8545495529:AAHGenwTFQJmNbq_9OJuI89OSmBVrUSlBRk/getUpdates "HTTP/1.1 200 OK"
2026-05-11 17:23:30,049 - httpx - INFO - HTTP Request: POST https://api.telegram.org/bot8545495529:AAHGenwTFQJmNbq_9OJuI89OSmBVrUSlBRk/getUpdates "HTTP/1.1 200 OK"
2026-05-11 17:23:40,227 - httpx - INFO - HTTP Request: POST https://api.telegram.org/bot8545495529:AAHGenwTFQJmNbq_9OJuI89OSmBVrUSlBRk/getUpdates "HTTP/1.1 200 OK"
2026-05-11 17:23:50,406 - httpx - INFO - HTTP Request: POST https://api.telegram.org/bot8545495529:AAHGenwTFQJmNbq_9OJuI89OSmBVrUSlBRk/getUpdates "HTTP/1.1 200 OK"
2026-05-11 17:24:00,582 - httpx - INFO - HTTP Request: POST https://api.telegram.org/bot8545495529:AAHGenwTFQJmNbq_9OJuI89OSmBVrUSlBRk/getUpdates "HTTP/1.1 200 OK"
2026-05-11 17:24:10,768 - httpx - INFO - HTTP Request: POST https://api.telegram.org/bot8545495529:AAHGenwTFQJmNbq_9OJuI89OSmBVrUSlBRk/getUpdates "HTTP/1.1 200 OK"
2026-05-11 17:24:21,306 - httpx - INFO - HTTP Request: POST https://api.telegram.org/bot8545495529:AAHGenwTFQJmNbq_9OJuI89OSmBVrUSlBRk/getUpdates "HTTP/1.1 200 OK"
2026-05-11 17:24:31,486 - httpx - INFO - HTTP Request: POST https://api.telegram.org/bot8545495529:AAHGenwTFQJmNbq_9OJuI89OSmBVrUSlBRk/getUpdates "HTTP/1.1 200 OK"
2026-05-11 17:24:41,664 - httpx - INFO - HTTP Request: POST https://api.telegram.org/bot8545495529:AAHGenwTFQJmNbq_9OJuI89OSmBVrUSlBRk/getUpdates "HTTP/1.1 200 OK"
2026-05-11 17:24:51,843 - httpx - INFO - HTTP Request: POST https://api.telegram.org/bot8545495529:AAHGenwTFQJmNbq_9OJuI89OSmBVrUSlBRk/getUpdates "HTTP/1.1 200 OK"
2026-05-11 17:25:02,025 - httpx - INFO - HTTP Request: POST https://api.telegram.org/bot8545495529:AAHGenwTFQJmNbq_9OJuI89OSmBVrUSlBRk/getUpdates "HTTP/1.1 200 OK"
2026-05-11 17:25:12,207 - httpx - INFO - HTTP Request: POST https://api.telegram.org/bot8545495529:AAHGenwTFQJmNbq_9OJuI89OSmBVrUSlBRk/getUpdates "HTTP/1.1 200 OK"
2026-05-11 17:25:22,385 - httpx - INFO - HTTP Request: POST https://api.telegram.org/bot8545495529:AAHGenwTFQJmNbq_9OJuI89OSmBVrUSlBRk/getUpdates "HTTP/1.1 200 OK"
2026-05-11 17:25:32,564 - httpx - INFO - HTTP Request: POST https://api.telegram.org/bot8545495529:AAHGenwTFQJmNbq_9OJuI89OSmBVrUSlBRk/getUpdates "HTTP/1.1 200 OK"
2026-05-11 17:25:33,252 - httpx - INFO - HTTP Request: POST https://api.telegram.org/bot8545495529:AAHGenwTFQJmNbq_9OJuI89OSmBVrUSlBRk/getUpdates "HTTP/1.1 200 OK"
2026-05-11 17:25:33,983 - httpx - INFO - HTTP Request: POST https://api.telegram.org/bot8545495529:AAHGenwTFQJmNbq_9OJuI89OSmBVrUSlBRk/sendMessage "HTTP/1.1 200 OK"
2026-05-11 17:25:41,771 - httpx - INFO - HTTP Request: POST https://api.telegram.org/bot8545495529:AAHGenwTFQJmNbq_9OJuI89OSmBVrUSlBRk/deleteMessage "HTTP/1.1 200 OK"
2026-05-11 17:25:42,088 - httpx - INFO - HTTP Request: POST https://api.telegram.org/bot8545495529:AAHGenwTFQJmNbq_9OJuI89OSmBVrUSlBRk/sendMessage "HTTP/1.1 200 OK"
2026-05-11 17:25:42,089 - asyncio - ERROR - Unclosed client session
client_session: <aiohttp.client.ClientSession object at 0x000002ACB14E3A10>
2026-05-11 17:25:42,089 - asyncio - ERROR - Unclosed connector
connections: ['deque([(<aiohttp.client_proto.ResponseHandler object at 0x000002ACB14A6BD0>, 625525.234)])']
connector: <aiohttp.connector.TCPConnector object at 0x000002ACB14E36B0>
2026-05-11 17:25:43,493 - httpx - INFO - HTTP Request: POST https://api.telegram.org/bot8545495529:AAHGenwTFQJmNbq_9OJuI89OSmBVrUSlBRk/getUpdates "HTTP/1.1 200 OK"
2026-05-11 17:25:53,672 - httpx - INFO - HTTP Request: POST https://api.telegram.org/bot8545495529:AAHGenwTFQJmNbq_9OJuI89OSmBVrUSlBRk/getUpdates "HTTP/1.1 200 OK"
2026-05-11 17:26:03,854 - httpx - INFO - HTTP Request: POST https://api.telegram.org/bot8545495529:AAHGenwTFQJmNbq_9OJuI89OSmBVrUSlBRk/getUpdates "HTTP/1.1 200 OK"
2026-05-11 17:26:14,036 - httpx - INFO - HTTP Request: POST https://api.telegram.org/bot8545495529:AAHGenwTFQJmNbq_9OJuI89OSmBVrUSlBRk/getUpdates "HTTP/1.1 200 OK"
2026-05-11 17:26:18,805 - httpx - INFO - HTTP Request: POST https://api.telegram.org/bot8545495529:AAHGenwTFQJmNbq_9OJuI89OSmBVrUSlBRk/getUpdates "HTTP/1.1 200 OK"
2026-05-11 17:26:19,572 - httpx - INFO - HTTP Request: POST https://api.telegram.org/bot8545495529:AAHGenwTFQJmNbq_9OJuI89OSmBVrUSlBRk/sendMessage "HTTP/1.1 200 OK"
2026-05-11 17:26:29,039 - httpx - INFO - HTTP Request: POST https://api.telegram.org/bot8545495529:AAHGenwTFQJmNbq_9OJuI89OSmBVrUSlBRk/getUpdates "HTTP/1.1 200 OK"
2026-05-11 17:26:39,222 - httpx - INFO - HTTP Request: POST https://api.telegram.org/bot8545495529:AAHGenwTFQJmNbq_9OJuI89OSmBVrUSlBRk/getUpdates "HTTP/1.1 200 OK"
2026-05-11 17:26:46,584 - httpx - INFO - HTTP Request: POST https://api.telegram.org/bot8545495529:AAHGenwTFQJmNbq_9OJuI89OSmBVrUSlBRk/deleteMessage "HTTP/1.1 200 OK"
2026-05-11 17:26:46,901 - httpx - INFO - HTTP Request: POST https://api.telegram.org/bot8545495529:AAHGenwTFQJmNbq_9OJuI89OSmBVrUSlBRk/sendMessage "HTTP/1.1 200 OK"
2026-05-11 17:26:48,323 - httpx - INFO - HTTP Request: POST https://api.telegram.org/bot8545495529:AAHGenwTFQJmNbq_9OJuI89OSmBVrUSlBRk/sendDocument "HTTP/1.1 200 OK"
2026-05-11 17:26:48,324 - asyncio - ERROR - Unclosed client session
client_session: <aiohttp.client.ClientSession object at 0x000002ACB150BAD0>
2026-05-11 17:26:48,324 - asyncio - ERROR - Unclosed connector
connections: ['deque([(<aiohttp.client_proto.ResponseHandler object at 0x000002ACB14A7AD0>, 625590.015)])']
connector: <aiohttp.connector.TCPConnector object at 0x000002ACB1533D70>
2026-05-11 17:26:49,401 - httpx - INFO - HTTP Request: POST https://api.telegram.org/bot8545495529:AAHGenwTFQJmNbq_9OJuI89OSmBVrUSlBRk/getUpdates "HTTP/1.1 200 OK"
2026-05-11 17:26:59,580 - httpx - INFO - HTTP Request: POST https://api.telegram.org/bot8545495529:AAHGenwTFQJmNbq_9OJuI89OSmBVrUSlBRk/getUpdates "HTTP/1.1 200 OK"
2026-05-11 17:27:09,761 - httpx - INFO - HTTP Request: POST https://api.telegram.org/bot8545495529:AAHGenwTFQJmNbq_9OJuI89OSmBVrUSlBRk/getUpdates "HTTP/1.1 200 OK"
2026-05-11 17:27:19,945 - httpx - INFO - HTTP Request: POST https://api.telegram.org/bot8545495529:AAHGenwTFQJmNbq_9OJuI89OSmBVrUSlBRk/getUpdates "HTTP/1.1 200 OK"
2026-05-11 17:27:30,127 - httpx - INFO - HTTP Request: POST https://api.telegram.org/bot8545495529:AAHGenwTFQJmNbq_9OJuI89OSmBVrUSlBRk/getUpdates "HTTP/1.1 200 OK"
2026-05-11 17:27:40,306 - httpx - INFO - HTTP Request: POST https://api.telegram.org/bot8545495529:AAHGenwTFQJmNbq_9OJuI89OSmBVrUSlBRk/getUpdates "HTTP/1.1 200 OK"
2026-05-11 17:27:50,485 - httpx - INFO - HTTP Request: POST https://api.telegram.org/bot8545495529:AAHGenwTFQJmNbq_9OJuI89OSmBVrUSlBRk/getUpdates "HTTP/1.1 200 OK"
2026-05-11 17:28:00,664 - httpx - INFO - HTTP Request: POST https://api.telegram.org/bot8545495529:AAHGenwTFQJmNbq_9OJuI89OSmBVrUSlBRk/getUpdates "HTTP/1.1 200 OK"
2026-05-11 17:28:10,843 - httpx - INFO - HTTP Request: POST https://api.telegram.org/bot8545495529:AAHGenwTFQJmNbq_9OJuI89OSmBVrUSlBRk/getUpdates "HTTP/1.1 200 OK"
2026-05-11 17:28:21,023 - httpx - INFO - HTTP Request: POST https://api.telegram.org/bot8545495529:AAHGenwTFQJmNbq_9OJuI89OSmBVrUSlBRk/getUpdates "HTTP/1.1 200 OK"
2026-05-11 17:28:31,202 - httpx - INFO - HTTP Request: POST https://api.telegram.org/bot8545495529:AAHGenwTFQJmNbq_9OJuI89OSmBVrUSlBRk/getUpdates "HTTP/1.1 200 OK"
2026-05-11 17:28:41,382 - httpx - INFO - HTTP Request: POST https://api.telegram.org/bot8545495529:AAHGenwTFQJmNbq_9OJuI89OSmBVrUSlBRk/getUpdates "HTTP/1.1 200 OK"
2026-05-11 17:28:51,562 - httpx - INFO - HTTP Request: POST https://api.telegram.org/bot8545495529:AAHGenwTFQJmNbq_9OJuI89OSmBVrUSlBRk/getUpdates "HTTP/1.1 200 OK"
2026-05-11 17:29:01,742 - httpx - INFO - HTTP Request: POST https://api.telegram.org/bot8545495529:AAHGenwTFQJmNbq_9OJuI89OSmBVrUSlBRk/getUpdates "HTTP/1.1 200 OK"
2026-05-11 17:29:11,922 - httpx - INFO - HTTP Request: POST https://api.telegram.org/bot8545495529:AAHGenwTFQJmNbq_9OJuI89OSmBVrUSlBRk/getUpdates "HTTP/1.1 200 OK"
2026-05-11 17:29:22,102 - httpx - INFO - HTTP Request: POST https://api.telegram.org/bot8545495529:AAHGenwTFQJmNbq_9OJuI89OSmBVrUSlBRk/getUpdates "HTTP/1.1 200 OK"
2026-05-11 17:29:32,282 - httpx - INFO - HTTP Request: POST https://api.telegram.org/bot8545495529:AAHGenwTFQJmNbq_9OJuI89OSmBVrUSlBRk/getUpdates "HTTP/1.1 200 OK"
2026-05-11 17:29:42,461 - httpx - INFO - HTTP Request: POST https://api.telegram.org/bot8545495529:AAHGenwTFQJmNbq_9OJuI89OSmBVrUSlBRk/getUpdates "HTTP/1.1 200 OK"
2026-05-11 17:29:52,641 - httpx - INFO - HTTP Request: POST https://api.telegram.org/bot8545495529:AAHGenwTFQJmNbq_9OJuI89OSmBVrUSlBRk/getUpdates "HTTP/1.1 200 OK"
2026-05-11 17:30:02,820 - httpx - INFO - HTTP Request: POST https://api.telegram.org/bot8545495529:AAHGenwTFQJmNbq_9OJuI89OSmBVrUSlBRk/getUpdates "HTTP/1.1 200 OK"
2026-05-11 17:30:13,000 - httpx - INFO - HTTP Request: POST https://api.telegram.org/bot8545495529:AAHGenwTFQJmNbq_9OJuI89OSmBVrUSlBRk/getUpdates "HTTP/1.1 200 OK"
2026-05-11 17:30:23,180 - httpx - INFO - HTTP Request: POST https://api.telegram.org/bot8545495529:AAHGenwTFQJmNbq_9OJuI89OSmBVrUSlBRk/getUpdates "HTTP/1.1 200 OK"
2026-05-11 17:30:33,360 - httpx - INFO - HTTP Request: POST https://api.telegram.org/bot8545495529:AAHGenwTFQJmNbq_9OJuI89OSmBVrUSlBRk/getUpdates "HTTP/1.1 200 OK"
2026-05-11 17:30:43,539 - httpx - INFO - HTTP Request: POST https://api.telegram.org/bot8545495529:AAHGenwTFQJmNbq_9OJuI89OSmBVrUSlBRk/getUpdates "HTTP/1.1 200 OK"
2026-05-11 17:30:53,719 - httpx - INFO - HTTP Request: POST https://api.telegram.org/bot8545495529:AAHGenwTFQJmNbq_9OJuI89OSmBVrUSlBRk/getUpdates "HTTP/1.1 200 OK"
2026-05-11 17:31:03,898 - httpx - INFO - HTTP Request: POST https://api.telegram.org/bot8545495529:AAHGenwTFQJmNbq_9OJuI89OSmBVrUSlBRk/getUpdates "HTTP/1.1 200 OK"
2026-05-12 19:25:31,552 - __main__ - INFO - 🚀 Iniciando PRIMEDOX BOT...
2026-05-12 19:25:32,144 - httpx - INFO - HTTP Request: POST https://api.telegram.org/bot8545495529:AAHGenwTFQJmNbq_9OJuI89OSmBVrUSlBRk/getMe "HTTP/1.1 200 OK"
2026-05-12 19:25:32,147 - __main__ - INFO - ==================================================
2026-05-12 19:25:32,147 - __main__ - INFO - PRIMEDOX BOT - Inicializando...
2026-05-12 19:25:32,147 - __main__ - INFO - ==================================================
2026-05-12 19:25:32,379 - services.api_client - INFO - API Health: {'status': 'ok', 'service': 'primedox-api', 'timestamp': '2026-05-13T02:25:32.368192'}
2026-05-12 19:25:32,380 - __main__ - INFO - ✅ API de PRIMEDOX: CONECTADA
2026-05-12 19:25:32,930 - __main__ - INFO - 📋 Comandos disponibles en API: 83
2026-05-12 19:25:32,937 - services.database - INFO - Base de datos inicializada correctamente.
2026-05-12 19:25:32,940 - __main__ - INFO - 👥 Usuarios registrados: 1
2026-05-12 19:25:32,940 - __main__ - INFO - ✅ Bot listo para recibir peticiones
2026-05-12 19:25:33,118 - httpx - INFO - HTTP Request: POST https://api.telegram.org/bot8545495529:AAHGenwTFQJmNbq_9OJuI89OSmBVrUSlBRk/deleteWebhook "HTTP/1.1 200 OK"
2026-05-12 19:25:33,119 - telegram.ext.Application - INFO - Application started
2026-05-12 19:25:38,844 - httpx - INFO - HTTP Request: POST https://api.telegram.org/bot8545495529:AAHGenwTFQJmNbq_9OJuI89OSmBVrUSlBRk/getUpdates "HTTP/1.1 200 OK"
2026-05-12 19:25:40,050 - httpx - INFO - HTTP Request: POST https://api.telegram.org/bot8545495529:AAHGenwTFQJmNbq_9OJuI89OSmBVrUSlBRk/sendMessage "HTTP/1.1 200 OK"
2026-05-12 19:25:49,044 - httpx - INFO - HTTP Request: POST https://api.telegram.org/bot8545495529:AAHGenwTFQJmNbq_9OJuI89OSmBVrUSlBRk/getUpdates "HTTP/1.1 200 OK"
2026-05-12 19:25:59,217 - httpx - INFO - HTTP Request: POST https://api.telegram.org/bot8545495529:AAHGenwTFQJmNbq_9OJuI89OSmBVrUSlBRk/getUpdates "HTTP/1.1 200 OK"
2026-05-12 19:25:59,868 - httpx - INFO - HTTP Request: POST https://api.telegram.org/bot8545495529:AAHGenwTFQJmNbq_9OJuI89OSmBVrUSlBRk/getUpdates "HTTP/1.1 200 OK"
2026-05-12 19:26:01,068 - httpx - INFO - HTTP Request: POST https://api.telegram.org/bot8545495529:AAHGenwTFQJmNbq_9OJuI89OSmBVrUSlBRk/sendMessage "HTTP/1.1 200 OK"
2026-05-12 19:26:08,876 - httpx - INFO - HTTP Request: POST https://api.telegram.org/bot8545495529:AAHGenwTFQJmNbq_9OJuI89OSmBVrUSlBRk/deleteMessage "HTTP/1.1 200 OK"
2026-05-12 19:26:09,654 - httpx - INFO - HTTP Request: POST https://api.telegram.org/bot8545495529:AAHGenwTFQJmNbq_9OJuI89OSmBVrUSlBRk/sendMessage "HTTP/1.1 200 OK"
2026-05-12 19:26:09,655 - asyncio - ERROR - Unclosed client session
client_session: <aiohttp.client.ClientSession object at 0x000001DE40693BF0>
2026-05-12 19:26:09,656 - asyncio - ERROR - Unclosed connector
connections: ['deque([(<aiohttp.client_proto.ResponseHandler object at 0x000001DE4065A5D0>, 719151.5)])']
connector: <aiohttp.connector.TCPConnector object at 0x000001DE40693D40>
2026-05-12 19:26:10,094 - httpx - INFO - HTTP Request: POST https://api.telegram.org/bot8545495529:AAHGenwTFQJmNbq_9OJuI89OSmBVrUSlBRk/getUpdates "HTTP/1.1 200 OK"
2026-05-12 19:26:20,267 - httpx - INFO - HTTP Request: POST https://api.telegram.org/bot8545495529:AAHGenwTFQJmNbq_9OJuI89OSmBVrUSlBRk/getUpdates "HTTP/1.1 200 OK"
2026-05-12 19:26:27,700 - httpx - INFO - HTTP Request: POST https://api.telegram.org/bot8545495529:AAHGenwTFQJmNbq_9OJuI89OSmBVrUSlBRk/getUpdates "HTTP/1.1 200 OK"
2026-05-12 19:26:28,888 - httpx - INFO - HTTP Request: POST https://api.telegram.org/bot8545495529:AAHGenwTFQJmNbq_9OJuI89OSmBVrUSlBRk/sendMessage "HTTP/1.1 200 OK"
2026-05-12 19:26:37,928 - httpx - INFO - HTTP Request: POST https://api.telegram.org/bot8545495529:AAHGenwTFQJmNbq_9OJuI89OSmBVrUSlBRk/getUpdates "HTTP/1.1 200 OK"
2026-05-12 19:26:48,101 - httpx - INFO - HTTP Request: POST https://api.telegram.org/bot8545495529:AAHGenwTFQJmNbq_9OJuI89OSmBVrUSlBRk/getUpdates "HTTP/1.1 200 OK"
2026-05-12 19:26:57,136 - httpx - INFO - HTTP Request: POST https://api.telegram.org/bot8545495529:AAHGenwTFQJmNbq_9OJuI89OSmBVrUSlBRk/deleteMessage "HTTP/1.1 200 OK"
2026-05-12 19:26:57,969 - httpx - INFO - HTTP Request: POST https://api.telegram.org/bot8545495529:AAHGenwTFQJmNbq_9OJuI89OSmBVrUSlBRk/sendMessage "HTTP/1.1 200 OK"
2026-05-12 19:26:58,276 - httpx - INFO - HTTP Request: POST https://api.telegram.org/bot8545495529:AAHGenwTFQJmNbq_9OJuI89OSmBVrUSlBRk/getUpdates "HTTP/1.1 200 OK"
2026-05-12 19:27:01,232 - httpx - INFO - HTTP Request: POST https://api.telegram.org/bot8545495529:AAHGenwTFQJmNbq_9OJuI89OSmBVrUSlBRk/sendDocument "HTTP/1.1 200 OK"
2026-05-12 19:27:01,233 - asyncio - ERROR - Unclosed client session
client_session: <aiohttp.client.ClientSession object at 0x000001DE3EA35430>
2026-05-12 19:27:01,233 - asyncio - ERROR - Unclosed connector
connections: ['deque([(<aiohttp.client_proto.ResponseHandler object at 0x000001DE40606390>, 719199.625)])']
connector: <aiohttp.connector.TCPConnector object at 0x000001DE3F2463F0>
2026-05-12 19:27:08,448 - httpx - INFO - HTTP Request: POST https://api.telegram.org/bot8545495529:AAHGenwTFQJmNbq_9OJuI89OSmBVrUSlBRk/getUpdates "HTTP/1.1 200 OK"
2026-05-12 19:27:18,623 - httpx - INFO - HTTP Request: POST https://api.telegram.org/bot8545495529:AAHGenwTFQJmNbq_9OJuI89OSmBVrUSlBRk/getUpdates "HTTP/1.1 200 OK"
2026-05-12 19:27:28,797 - httpx - INFO - HTTP Request: POST https://api.telegram.org/bot8545495529:AAHGenwTFQJmNbq_9OJuI89OSmBVrUSlBRk/getUpdates "HTTP/1.1 200 OK"
2026-05-12 19:27:38,970 - httpx - INFO - HTTP Request: POST https://api.telegram.org/bot8545495529:AAHGenwTFQJmNbq_9OJuI89OSmBVrUSlBRk/getUpdates "HTTP/1.1 200 OK"
